This file contains any messages produced by compilers while
running configure, to aid debugging if configure makes a mistake.

It was created by gdk-pixbuf configure 2.36.8, which was
generated by GNU Autoconf 2.69.  Invocation command line was

  $ ./configure --prefix=/usr --without-libtiff

## --------- ##
## Platform. ##
## --------- ##

hostname = MILNrij-mianta
uname -m = x86_64
uname -r = 5.15.0-130-generic
uname -s = Linux
uname -v = #140~20.04.1-Ubuntu SMP Wed Dec 18 21:35:34 UTC 2024

/usr/bin/uname -p = x86_64
/bin/uname -X     = unknown

/bin/arch              = x86_64
/usr/bin/arch -k       = unknown
/usr/convex/getsysinfo = unknown
/usr/bin/hostinfo      = unknown
/bin/machine           = unknown
/usr/bin/oslevel       = unknown
/bin/universe          = unknown

PATH: /usr/bin
PATH: /home/mianta/.cargo/bin
PATH: /usr/local/sbin
PATH: /usr/local/bin
PATH: /usr/sbin
PATH: /usr/bin
PATH: /sbin
PATH: /bin
PATH: /usr/games
PATH: /usr/local/games
PATH: /snap/bin


## ----------- ##
## Core tests. ##
## ----------- ##

configure:2566: checking for a BSD-compatible install
configure:2634: result: /usr/bin/install -c
configure:2645: checking whether build environment is sane
configure:2700: result: yes
configure:2849: checking for a thread-safe mkdir -p
configure:2888: result: /usr/bin/mkdir -p
configure:2895: checking for gawk
configure:2925: result: no
configure:2895: checking for mawk
configure:2911: found /usr/bin/mawk
configure:2922: result: mawk
configure:2933: checking whether make sets $(MAKE)
configure:2955: result: yes
configure:2984: checking whether make supports nested variables
configure:3001: result: yes
configure:3081: checking whether UID '1000' is supported by ustar format
configure:3084: result: yes
configure:3091: checking whether GID '1000' is supported by ustar format
configure:3094: result: yes
configure:3102: checking how to create a ustar tar archive
configure:3113: tar --version
tar (GNU tar) 1.30
Copyright (C) 2017 Free Software Foundation, Inc.
License GPLv3+: GNU GPL version 3 or later <https://gnu.org/licenses/gpl.html>.
This is free software: you are free to change and redistribute it.
There is NO WARRANTY, to the extent permitted by law.

Written by John Gilmore and Jay Fenlason.
configure:3116: $? = 0
configure:3156: tardir=conftest.dir && eval tar --format=ustar -chf - "$tardir" >conftest.tar
configure:3159: $? = 0
configure:3163: tar -xf - <conftest.tar
configure:3166: $? = 0
configure:3168: cat conftest.dir/file
GrepMe
configure:3171: $? = 0
configure:3184: result: gnutar
configure:3235: checking whether to enable maintainer-specific portions of Makefiles
configure:3244: result: yes
configure:3272: checking whether make supports nested variables
configure:3289: result: yes
configure:3388: checking for gcc
configure:3404: found /usr/bin/gcc
configure:3415: result: gcc
configure:3644: checking for C compiler version
configure:3653: gcc --version >&5
gcc (Ubuntu 9.4.0-1ubuntu1~20.04.2) 9.4.0
Copyright (C) 2019 Free Software Foundation, Inc.
This is free software; see the source for copying conditions.  There is NO
warranty; not even for MERCHANTABILITY or FITNESS FOR A PARTICULAR PURPOSE.

configure:3664: $? = 0
configure:3653: gcc -v >&5
Using built-in specs.
COLLECT_GCC=gcc
COLLECT_LTO_WRAPPER=/usr/lib/gcc/x86_64-linux-gnu/9/lto-wrapper
OFFLOAD_TARGET_NAMES=nvptx-none:hsa
OFFLOAD_TARGET_DEFAULT=1
Target: x86_64-linux-gnu
Configured with: ../src/configure -v --with-pkgversion='Ubuntu 9.4.0-1ubuntu1~20.04.2' --with-bugurl=file:///usr/share/doc/gcc-9/README.Bugs --enable-languages=c,ada,c++,go,brig,d,fortran,objc,obj-c++,gm2 --prefix=/usr --with-gcc-major-version-only --program-suffix=-9 --program-prefix=x86_64-linux-gnu- --enable-shared --enable-linker-build-id --libexecdir=/usr/lib --without-included-gettext --enable-threads=posix --libdir=/usr/lib --enable-nls --enable-clocale=gnu --enable-libstdcxx-debug --enable-libstdcxx-time=yes --with-default-libstdcxx-abi=new --enable-gnu-unique-object --disable-vtable-verify --enable-plugin --enable-default-pie --with-system-zlib --with-target-system-zlib=auto --enable-objc-gc=auto --enable-multiarch --disable-werror --with-arch-32=i686 --with-abi=m64 --with-multilib-list=m32,m64,mx32 --enable-multilib --with-tune=generic --enable-offload-targets=nvptx-none=/build/gcc-9-9QDOt0/gcc-9-9.4.0/debian/tmp-nvptx/usr,hsa --without-cuda-driver --enable-checking=release --build=x86_64-linux-gnu --host=x86_64-linux-gnu --target=x86_64-linux-gnu
Thread model: posix
gcc version 9.4.0 (Ubuntu 9.4.0-1ubuntu1~20.04.2) 
configure:3664: $? = 0
configure:3653: gcc -V >&5
gcc: error: unrecognized command line option '-V'
gcc: fatal error: no input files
compilation terminated.
configure:3664: $? = 1
configure:3653: gcc -qversion >&5
gcc: error: unrecognized command line option '-qversion'; did you mean '--version'?
gcc: fatal error: no input files
compilation terminated.
configure:3664: $? = 1
configure:3684: checking whether the C compiler works
configure:3706: gcc  -I/usr/include -L/usr/lib64:/usr/lib conftest.c  >&5
configure:3710: $? = 0
configure:3758: result: yes
configure:3761: checking for C compiler default output file name
configure:3763: result: a.out
configure:3769: checking for suffix of executables
configure:3776: gcc -o conftest  -I/usr/include -L/usr/lib64:/usr/lib conftest.c  >&5
configure:3780: $? = 0
configure:3802: result: 
configure:3824: checking whether we are cross compiling
configure:3832: gcc -o conftest  -I/usr/include -L/usr/lib64:/usr/lib conftest.c  >&5
configure:3836: $? = 0
configure:3843: ./conftest
configure:3847: $? = 0
configure:3835: result: no
configure:3840: checking for suffix of object files
configure:3862: gcc -c  -I/usr/include conftest.c >&5
configure:3866: $? = 0
configure:3887: result: o
configure:3891: checking whether we are using the GNU C compiler
configure:3910: gcc -c  -I/usr/include conftest.c >&5
configure:3910: $? = 0
configure:3919: result: yes
configure:3928: checking whether gcc accepts -g
configure:3948: gcc -c -g -I/usr/include conftest.c >&5
configure:3948: $? = 0
configure:3989: result: yes
configure:4006: checking for gcc option to accept ISO C89
configure:4069: gcc  -c -g -O2 -I/usr/include conftest.c >&5
configure:4069: $? = 0
configure:4082: result: none needed
configure:4107: checking whether gcc understands -c and -o together
configure:4129: gcc -c conftest.c -o conftest2.o
configure:4132: $? = 0
configure:4129: gcc -c conftest.c -o conftest2.o
configure:4132: $? = 0
configure:4144: result: yes
configure:4172: checking for style of include used by make
configure:4200: result: GNU
configure:4226: checking dependency style of gcc
configure:4337: result: gcc3
configure:4353: checking whether gcc and cc understand -c and -o together
configure:4384: gcc -c conftest.c -o conftest2.o >&5
configure:4388: $? = 0
configure:4394: gcc -c conftest.c -o conftest2.o >&5
configure:4398: $? = 0
configure:4409: cc -c conftest.c >&5
configure:4413: $? = 0
configure:4421: cc -c conftest.c -o conftest2.o >&5
configure:4425: $? = 0
configure:4431: cc -c conftest.c -o conftest2.o >&5
configure:4435: $? = 0
configure:4453: result: yes
configure:4467: checking for gcc option to accept ISO C99
configure:4616: gcc  -c -g -O2 -I/usr/include conftest.c >&5
configure:4616: $? = 0
configure:4629: result: none needed
configure:4737: checking for gcc option to accept ISO Standard C
configure:4748: result: none needed
configure:4756: checking whether make sets $(MAKE)
configure:4778: result: yes
configure:4791: checking for gawk
configure:4818: result: mawk
configure:4883: checking for pkg-config
configure:4901: found /usr/bin/pkg-config
configure:4913: result: /usr/bin/pkg-config
configure:4938: checking pkg-config is at least version 0.9.0
configure:4941: result: yes
configure:4954: checking build system type
configure:4968: result: x86_64-pc-linux-gnu
configure:4988: checking host system type
configure:5001: result: x86_64-pc-linux-gnu
configure:5112: checking for cos in -lm
configure:5137: gcc -o conftest -g -O2 -I/usr/include -L/usr/lib64:/usr/lib conftest.c -lm   >&5
conftest.c:16:6: warning: conflicting types for built-in function 'cos'; expected 'double(double)' [-Wbuiltin-declaration-mismatch]
   16 | char cos ();
      |      ^~~
conftest.c:1:1: note: 'cos' is declared in header '<math.h>'
    1 | /* confdefs.h */
configure:5137: $? = 0
configure:5146: result: yes
configure:5157: checking for round in -lm
configure:5182: gcc -o conftest -g -O2 -I/usr/include -L/usr/lib64:/usr/lib conftest.c -lm   >&5
conftest.c:16:6: warning: conflicting types for built-in function 'round'; expected 'double(double)' [-Wbuiltin-declaration-mismatch]
   16 | char round ();
      |      ^~~~~
conftest.c:1:1: note: 'round' is declared in header '<math.h>'
    1 | /* confdefs.h */
configure:5182: $? = 0
configure:5191: result: yes
configure:5199: checking for lrint in -lm
configure:5224: gcc -o conftest -g -O2 -I/usr/include -L/usr/lib64:/usr/lib conftest.c -lm   >&5
conftest.c:17:6: warning: conflicting types for built-in function 'lrint'; expected 'long int(double)' [-Wbuiltin-declaration-mismatch]
   17 | char lrint ();
      |      ^~~~~
conftest.c:1:1: note: 'lrint' is declared in header '<math.h>'
    1 | /* confdefs.h */
configure:5224: $? = 0
configure:5233: result: yes
configure:5242: checking for native Win32
configure:5261: result: no
configure:5328: checking how to print strings
configure:5355: result: printf
configure:5376: checking for a sed that does not truncate output
configure:5440: result: /usr/bin/sed
configure:5458: checking for grep that handles long lines and -e
configure:5516: result: /usr/bin/grep
configure:5521: checking for egrep
configure:5583: result: /usr/bin/grep -E
configure:5588: checking for fgrep
configure:5650: result: /usr/bin/grep -F
configure:5685: checking for ld used by gcc
configure:5752: result: /usr/bin/ld
configure:5759: checking if the linker (/usr/bin/ld) is GNU ld
configure:5774: result: yes
configure:5786: checking for BSD- or MS-compatible name lister (nm)
configure:5840: result: /usr/bin/nm -B
configure:5970: checking the name lister (/usr/bin/nm -B) interface
configure:5977: gcc -c -g -O2 -I/usr/include conftest.c >&5
configure:5980: /usr/bin/nm -B "conftest.o"
configure:5983: output
0000000000000000 B some_variable
configure:5984: result: BSD nm
configure:5987: checking whether ln -s works
configure:5991: result: yes
configure:5999: checking the maximum length of command line arguments
configure:6130: result: 1572864
configure:6178: checking how to convert x86_64-pc-linux-gnu file names to x86_64-pc-linux-gnu format
configure:6218: result: func_convert_file_noop
configure:6225: checking how to convert x86_64-pc-linux-gnu file names to toolchain format
configure:6245: result: func_convert_file_noop
configure:6252: checking for /usr/bin/ld option to reload object files
configure:6259: result: -r
configure:6333: checking for objdump
configure:6349: found /usr/bin/objdump
configure:6360: result: objdump
configure:6389: checking how to recognize dependent libraries
configure:6589: result: pass_all
configure:6674: checking for dlltool
configure:6704: result: no
configure:6731: checking how to associate runtime and link libraries
configure:6758: result: printf %s\n
configure:6818: checking for ar
configure:6834: found /usr/bin/ar
configure:6845: result: ar
configure:6882: checking for archiver @FILE support
configure:6899: gcc -c -g -O2 -I/usr/include conftest.c >&5
configure:6899: $? = 0
configure:6902: ar cru libconftest.a @conftest.lst >&5
ar: `u' modifier ignored since `D' is the default (see `U')
configure:6905: $? = 0
configure:6910: ar cru libconftest.a @conftest.lst >&5
ar: `u' modifier ignored since `D' is the default (see `U')
ar: conftest.o: No such file or directory
configure:6913: $? = 1
configure:6912: result: @
configure:6970: checking for strip
configure:6986: found /usr/bin/strip
configure:6997: result: strip
configure:7069: checking for ranlib
configure:7085: found /usr/bin/ranlib
configure:7096: result: ranlib
configure:7198: checking command to parse /usr/bin/nm -B output from gcc object
configure:7351: gcc -c -g -O2 -I/usr/include conftest.c >&5
configure:7354: $? = 0
configure:7358: /usr/bin/nm -B conftest.o \| sed -n -e 's/^.*[ ]\([ABCDGIRSTW][ABCDGIRSTW]*\)[ ][ ]*\([_A-Za-z][_A-Za-z0-9]*\)$/\1 \2 \2/p' | sed '/ __gnu_lto/d' \> conftest.nm
configure:7361: $? = 0
configure:7427: gcc -o conftest -g -O2 -I/usr/include -L/usr/lib64:/usr/lib conftest.c conftstm.o >&5
configure:7430: $? = 0
configure:7468: result: ok
configure:7515: checking for sysroot
configure:7545: result: no
configure:7552: checking for a working dd
configure:7590: result: /usr/bin/dd
configure:7594: checking how to truncate binary pipes
configure:7609: result: /usr/bin/dd bs=4096 count=1
configure:7745: gcc -c -g -O2 -I/usr/include conftest.c >&5
configure:7748: $? = 0
configure:7938: checking for mt
configure:7954: found /usr/bin/mt
configure:7965: result: mt
configure:7988: checking if mt is a manifest tool
configure:7994: mt '-?'
configure:8002: result: no
configure:8679: checking how to run the C preprocessor
configure:8710: gcc -E -I/usr/include conftest.c
configure:8710: $? = 0
configure:8724: gcc -E -I/usr/include conftest.c
conftest.c:12:10: fatal error: ac_nonexistent.h: No such file or directory
   12 | #include <ac_nonexistent.h>
      |          ^~~~~~~~~~~~~~~~~~
compilation terminated.
configure:8724: $? = 1
configure: failed program was:
| /* confdefs.h */
| #define PACKAGE_NAME "gdk-pixbuf"
| #define PACKAGE_TARNAME "gdk-pixbuf"
| #define PACKAGE_VERSION "2.36.8"
| #define PACKAGE_STRING "gdk-pixbuf 2.36.8"
| #define PACKAGE_BUGREPORT "http://bugzilla.gnome.org/enter_bug.cgi?product=gdk-pixbuf"
| #define PACKAGE_URL ""
| #define HAVE_ROUND 1
| #define HAVE_LRINT 1
| #define OS_LINUX 1
| /* end confdefs.h.  */
| #include <ac_nonexistent.h>
configure:8749: result: gcc -E
configure:8769: gcc -E -I/usr/include conftest.c
configure:8769: $? = 0
configure:8783: gcc -E -I/usr/include conftest.c
conftest.c:12:10: fatal error: ac_nonexistent.h: No such file or directory
   12 | #include <ac_nonexistent.h>
      |          ^~~~~~~~~~~~~~~~~~
compilation terminated.
configure:8783: $? = 1
configure: failed program was:
| /* confdefs.h */
| #define PACKAGE_NAME "gdk-pixbuf"
| #define PACKAGE_TARNAME "gdk-pixbuf"
| #define PACKAGE_VERSION "2.36.8"
| #define PACKAGE_STRING "gdk-pixbuf 2.36.8"
| #define PACKAGE_BUGREPORT "http://bugzilla.gnome.org/enter_bug.cgi?product=gdk-pixbuf"
| #define PACKAGE_URL ""
| #define HAVE_ROUND 1
| #define HAVE_LRINT 1
| #define OS_LINUX 1
| /* end confdefs.h.  */
| #include <ac_nonexistent.h>
configure:8812: checking for ANSI C header files
configure:8832: gcc -c -g -O2 -I/usr/include conftest.c >&5
configure:8832: $? = 0
configure:8905: gcc -o conftest -g -O2 -I/usr/include -L/usr/lib64:/usr/lib conftest.c  >&5
configure:8905: $? = 0
configure:8905: ./conftest
configure:8905: $? = 0
configure:8916: result: yes
configure:8929: checking for sys/types.h
configure:8929: gcc -c -g -O2 -I/usr/include conftest.c >&5
configure:8929: $? = 0
configure:8929: result: yes
configure:8929: checking for sys/stat.h
configure:8929: gcc -c -g -O2 -I/usr/include conftest.c >&5
configure:8929: $? = 0
configure:8929: result: yes
configure:8929: checking for stdlib.h
configure:8929: gcc -c -g -O2 -I/usr/include conftest.c >&5
configure:8929: $? = 0
configure:8929: result: yes
configure:8929: checking for string.h
configure:8929: gcc -c -g -O2 -I/usr/include conftest.c >&5
configure:8929: $? = 0
configure:8929: result: yes
configure:8929: checking for memory.h
configure:8929: gcc -c -g -O2 -I/usr/include conftest.c >&5
configure:8929: $? = 0
configure:8929: result: yes
configure:8929: checking for strings.h
configure:8929: gcc -c -g -O2 -I/usr/include conftest.c >&5
configure:8929: $? = 0
configure:8929: result: yes
configure:8929: checking for inttypes.h
configure:8929: gcc -c -g -O2 -I/usr/include conftest.c >&5
configure:8929: $? = 0
configure:8929: result: yes
configure:8929: checking for stdint.h
configure:8929: gcc -c -g -O2 -I/usr/include conftest.c >&5
configure:8929: $? = 0
configure:8929: result: yes
configure:8929: checking for unistd.h
configure:8929: gcc -c -g -O2 -I/usr/include conftest.c >&5
configure:8929: $? = 0
configure:8929: result: yes
configure:8943: checking for dlfcn.h
configure:8943: gcc -c -g -O2 -I/usr/include conftest.c >&5
configure:8943: $? = 0
configure:8943: result: yes
configure:9496: checking for objdir
configure:9511: result: .libs
configure:9775: checking if gcc supports -fno-rtti -fno-exceptions
configure:9793: gcc -c -g -O2 -I/usr/include -fno-rtti -fno-exceptions conftest.c >&5
cc1: warning: command line option '-fno-rtti' is valid for C++/D/ObjC++ but not for C
configure:9797: $? = 0
configure:9810: result: no
configure:10168: checking for gcc option to produce PIC
configure:10175: result: -fPIC -DPIC
configure:10183: checking if gcc PIC flag -fPIC -DPIC works
configure:10201: gcc -c -g -O2 -I/usr/include -fPIC -DPIC -DPIC conftest.c >&5
configure:10205: $? = 0
configure:10218: result: yes
configure:10247: checking if gcc static flag -static works
configure:10275: result: yes
configure:10290: checking if gcc supports -c -o file.o
configure:10311: gcc -c -g -O2 -I/usr/include -o out/conftest2.o conftest.c >&5
configure:10315: $? = 0
configure:10337: result: yes
configure:10345: checking if gcc supports -c -o file.o
configure:10392: result: yes
configure:10425: checking whether the gcc linker (/usr/bin/ld -m elf_x86_64) supports shared libraries
configure:11684: result: yes
configure:11721: checking whether -lc should be explicitly linked in
configure:11729: gcc -c -g -O2 -I/usr/include conftest.c >&5
configure:11732: $? = 0
configure:11747: gcc -shared  -fPIC -DPIC conftest.o  -v -Wl,-soname -Wl,conftest -o conftest 2\>\&1 \| /usr/bin/grep  -lc  \>/dev/null 2\>\&1
configure:11750: $? = 0
configure:11764: result: no
configure:11924: checking dynamic linker characteristics
configure:12505: gcc -o conftest -g -O2 -I/usr/include -L/usr/lib64:/usr/lib -Wl,-rpath -Wl,/foo conftest.c  >&5
configure:12505: $? = 0
configure:12745: result: GNU/Linux ld.so
configure:12867: checking how to hardcode library paths into programs
configure:12892: result: immediate
configure:13440: checking whether stripping libraries is possible
configure:13445: result: yes
configure:13480: checking if libtool supports shared libraries
configure:13482: result: yes
configure:13485: checking whether to build shared libraries
configure:13510: result: yes
configure:13513: checking whether to build static libraries
configure:13517: result: no
configure:10345: creating ./config.lt

## ------------------ ##
## Running config.lt. ##
## ------------------ ##
config.lt:624: creating libtool
configure:11645: checking for special C compiler options needed for large files
configure:11690: result: no
configure:11696: checking for _FILE_OFFSET_BITS value needed for large files
configure:11721: gcc -c -g -O2 -I/usr/include conftest.c >&5
configure:11721: $? = 0
configure:11753: result: no
configure:11848: checking dependency style of gcc
configure:11957: result: gcc3
configure:12073: checking for some Win32 platform
configure:12082: result: no
configure:12295: checking whether build environment is sane
configure:12350: result: yes
configure:12429: checking for BASE_DEPENDENCIES
configure:12436: $PKG_CONFIG --exists --print-errors "glib-2.0 >= 2.48.0"
configure:12439: $? = 0
configure:12453: $PKG_CONFIG --exists --print-errors "glib-2.0 >= 2.48.0"
configure:12456: $? = 0
configure:12514: result: yes
configure:12538: checking Whether to write dependencies into .pc files
configure:12555: result: no
configure:12574: checking for perl5
configure:12607: result: no
configure:12574: checking for perl
configure:12592: found /usr/bin/perl
configure:12604: result: /usr/bin/perl
configure:12625: checking for sigsetjmp
configure:12641: gcc -o conftest -g -O2 -Wall -I/usr/include -DG_DISABLE_SINGLE_INCLUDES -L/usr/lib64:/usr/lib conftest.c  >&5
configure:12641: $? = 0
configure:12648: result: yes
configure:12659: checking whether NLS is requested
configure:12668: result: yes
configure:12708: checking for msgfmt
configure:12743: result: no
configure:12749: checking for gmsgfmt
configure:12780: result: :
configure:12830: checking for xgettext
configure:12865: result: no
configure:12907: checking for msgmerge
configure:12941: result: no
configure:12996: checking for ld used by gcc
configure:13063: result: /usr/bin/ld -m elf_x86_64
configure:13070: checking if the linker (/usr/bin/ld -m elf_x86_64) is GNU ld
configure:13085: result: yes
configure:13092: checking for shared library run path origin
configure:13105: result: done
configure:13677: checking for CFPreferencesCopyAppValue
configure:13695: gcc -o conftest -g -O2 -Wall -I/usr/include -DG_DISABLE_SINGLE_INCLUDES -L/usr/lib64:/usr/lib conftest.c  -Wl,-framework -Wl,CoreFoundation >&5
conftest.c:25:10: fatal error: CoreFoundation/CFPreferences.h: No such file or directory
   25 | #include <CoreFoundation/CFPreferences.h>
      |          ^~~~~~~~~~~~~~~~~~~~~~~~~~~~~~~~
compilation terminated.
configure:13695: $? = 1
configure: failed program was:
| /* confdefs.h */
| #define PACKAGE_NAME "gdk-pixbuf"
| #define PACKAGE_TARNAME "gdk-pixbuf"
| #define PACKAGE_VERSION "2.36.8"
| #define PACKAGE_STRING "gdk-pixbuf 2.36.8"
| #define PACKAGE_BUGREPORT "http://bugzilla.gnome.org/enter_bug.cgi?product=gdk-pixbuf"
| #define PACKAGE_URL ""
| #define HAVE_ROUND 1
| #define HAVE_LRINT 1
| #define OS_LINUX 1
| #define STDC_HEADERS 1
| #define HAVE_SYS_TYPES_H 1
| #define HAVE_SYS_STAT_H 1
| #define HAVE_STDLIB_H 1
| #define HAVE_STRING_H 1
| #define HAVE_MEMORY_H 1
| #define HAVE_STRINGS_H 1
| #define HAVE_INTTYPES_H 1
| #define HAVE_STDINT_H 1
| #define HAVE_UNISTD_H 1
| #define HAVE_DLFCN_H 1
| #define LT_OBJDIR ".libs/"
| #define HAVE_SIGSETJMP 1
| /* end confdefs.h.  */
| #include <CoreFoundation/CFPreferences.h>
| int
| main ()
| {
| CFPreferencesCopyAppValue(NULL, NULL)
|   ;
|   return 0;
| }
configure:13704: result: no
configure:13711: checking for CFLocaleCopyCurrent
configure:13729: gcc -o conftest -g -O2 -Wall -I/usr/include -DG_DISABLE_SINGLE_INCLUDES -L/usr/lib64:/usr/lib conftest.c  -Wl,-framework -Wl,CoreFoundation >&5
conftest.c:25:10: fatal error: CoreFoundation/CFLocale.h: No such file or directory
   25 | #include <CoreFoundation/CFLocale.h>
      |          ^~~~~~~~~~~~~~~~~~~~~~~~~~~
compilation terminated.
configure:13729: $? = 1
configure: failed program was:
| /* confdefs.h */
| #define PACKAGE_NAME "gdk-pixbuf"
| #define PACKAGE_TARNAME "gdk-pixbuf"
| #define PACKAGE_VERSION "2.36.8"
| #define PACKAGE_STRING "gdk-pixbuf 2.36.8"
| #define PACKAGE_BUGREPORT "http://bugzilla.gnome.org/enter_bug.cgi?product=gdk-pixbuf"
| #define PACKAGE_URL ""
| #define HAVE_ROUND 1
| #define HAVE_LRINT 1
| #define OS_LINUX 1
| #define STDC_HEADERS 1
| #define HAVE_SYS_TYPES_H 1
| #define HAVE_SYS_STAT_H 1
| #define HAVE_STDLIB_H 1
| #define HAVE_STRING_H 1
| #define HAVE_MEMORY_H 1
| #define HAVE_STRINGS_H 1
| #define HAVE_INTTYPES_H 1
| #define HAVE_STDINT_H 1
| #define HAVE_UNISTD_H 1
| #define HAVE_DLFCN_H 1
| #define LT_OBJDIR ".libs/"
| #define HAVE_SIGSETJMP 1
| /* end confdefs.h.  */
| #include <CoreFoundation/CFLocale.h>
| int
| main ()
| {
| CFLocaleCopyCurrent();
|   ;
|   return 0;
| }
configure:13738: result: no
configure:13787: checking for GNU gettext in libc
configure:13811: gcc -o conftest -g -O2 -Wall -I/usr/include -DG_DISABLE_SINGLE_INCLUDES -L/usr/lib64:/usr/lib conftest.c  >&5
configure:13811: $? = 0
configure:13820: result: yes
configure:14648: checking whether to use NLS
configure:14650: result: yes
configure:14653: checking where the gettext function comes from
configure:14664: result: libc
configure:14820: checking for pkg-config
configure:14850: result: /usr/bin/pkg-config
configure:14875: checking pkg-config is at least version 0.16
configure:14878: result: yes
configure:14895: checking for GLIB - version >= 2.48.0
configure:15007: gcc -o conftest -g -O2 -Wall -pthread -I/usr/include/glib-2.0 -I/usr/lib/x86_64-linux-gnu/glib-2.0/include -I/usr/include -DG_DISABLE_SINGLE_INCLUDES -L/usr/lib64:/usr/lib conftest.c -lgobject-2.0 -lgmodule-2.0 -pthread -lgthread-2.0 -pthread -lglib-2.0  >&5
configure:15007: $? = 0
configure:15007: ./conftest
configure:15007: $? = 0
configure:15021: result: yes (version 2.64.6)
configure:15096: checking for bind_textdomain_codeset
configure:15096: gcc -o conftest -g -O2 -Wall -I/usr/include -DG_DISABLE_SINGLE_INCLUDES -L/usr/lib64:/usr/lib conftest.c  -lgobject-2.0 -lgmodule-2.0 -pthread -lgthread-2.0 -pthread -lglib-2.0 >&5
configure:15096: $? = 0
configure:15096: result: yes
configure:15110: checking for unistd.h
configure:15110: result: yes
configure:15110: checking sys/resource.h usability
configure:15110: gcc -c -g -O2 -Wall -I/usr/include -DG_DISABLE_SINGLE_INCLUDES conftest.c >&5
configure:15110: $? = 0
configure:15110: result: yes
configure:15110: checking sys/resource.h presence
configure:15110: gcc -E -I/usr/include -DG_DISABLE_SINGLE_INCLUDES conftest.c
configure:15110: $? = 0
configure:15110: result: yes
configure:15110: checking for sys/resource.h
configure:15110: result: yes
configure:15122: checking for setrlimit
configure:15122: gcc -o conftest -g -O2 -Wall -I/usr/include -DG_DISABLE_SINGLE_INCLUDES -L/usr/lib64:/usr/lib conftest.c  >&5
configure:15122: $? = 0
configure:15122: result: yes
configure:15136: checking for ANSI C header files
configure:15240: result: yes
configure:15250: checking for an ANSI C-conforming const
configure:15316: gcc -c -g -O2 -Wall -I/usr/include -DG_DISABLE_SINGLE_INCLUDES conftest.c >&5
configure:15316: $? = 0
configure:15323: result: yes
configure:15349: checking whether to build gmodulized gdk-pixbuf
configure:15364: result: yes
configure:15366: checking whether dynamic modules work
configure:15390: result: yes
configure:15546: checking for jpeg_destroy_decompress in -ljpeg
configure:15571: gcc -o conftest -g -O2 -Wall -I/usr/include -DG_DISABLE_SINGLE_INCLUDES -L/usr/lib64:/usr/lib conftest.c -ljpeg   >&5
configure:15571: $? = 0
configure:15580: result: yes
configure:15591: checking for jpeglib.h
configure:15601: gcc -E -I/usr/include -DG_DISABLE_SINGLE_INCLUDES conftest.c
configure:15601: $? = 0
configure:15607: result: yes
configure:15611: checking for jpeg_simple_progression in -ljpeg
configure:15636: gcc -o conftest -g -O2 -Wall -I/usr/include -DG_DISABLE_SINGLE_INCLUDES -L/usr/lib64:/usr/lib conftest.c -ljpeg   >&5
configure:15636: $? = 0
configure:15645: result: yes
configure:15673: checking for libpng16
configure:15676: result: yes
configure:15849: checking pixbuf loaders to build
configure:15893: result: 
configure:16055: checking for SHARED_MIME_INFO
configure:16062: $PKG_CONFIG --exists --print-errors "shared-mime-info"
configure:16065: $? = 0
configure:16079: $PKG_CONFIG --exists --print-errors "shared-mime-info"
configure:16082: $? = 0
configure:16140: result: yes
configure:16205: checking sys/systeminfo.h usability
configure:16205: gcc -c -g -O2 -Wall -I/usr/include -DG_DISABLE_SINGLE_INCLUDES conftest.c >&5
conftest.c:70:10: fatal error: sys/systeminfo.h: No such file or directory
   70 | #include <sys/systeminfo.h>
      |          ^~~~~~~~~~~~~~~~~~
compilation terminated.
configure:16205: $? = 1
configure: failed program was:
| /* confdefs.h */
| #define PACKAGE_NAME "gdk-pixbuf"
| #define PACKAGE_TARNAME "gdk-pixbuf"
| #define PACKAGE_VERSION "2.36.8"
| #define PACKAGE_STRING "gdk-pixbuf 2.36.8"
| #define PACKAGE_BUGREPORT "http://bugzilla.gnome.org/enter_bug.cgi?product=gdk-pixbuf"
| #define PACKAGE_URL ""
| #define HAVE_ROUND 1
| #define HAVE_LRINT 1
| #define OS_LINUX 1
| #define STDC_HEADERS 1
| #define HAVE_SYS_TYPES_H 1
| #define HAVE_SYS_STAT_H 1
| #define HAVE_STDLIB_H 1
| #define HAVE_STRING_H 1
| #define HAVE_MEMORY_H 1
| #define HAVE_STRINGS_H 1
| #define HAVE_INTTYPES_H 1
| #define HAVE_STDINT_H 1
| #define HAVE_UNISTD_H 1
| #define HAVE_DLFCN_H 1
| #define LT_OBJDIR ".libs/"
| #define HAVE_SIGSETJMP 1
| #define ENABLE_NLS 1
| #define HAVE_GETTEXT 1
| #define HAVE_DCGETTEXT 1
| #define GETTEXT_PACKAGE "gdk-pixbuf"
| #define HAVE_BIND_TEXTDOMAIN_CODESET 1
| #define HAVE_UNISTD_H 1
| #define HAVE_SYS_RESOURCE_H 1
| #define HAVE_SETRLIMIT 1
| #define STDC_HEADERS 1
| #define USE_GMODULE 1
| #define HAVE_PROGRESSIVE_JPEG 1
| #define GDK_PIXBUF_USE_GIO_MIME 1
| /* end confdefs.h.  */
| #include <stdio.h>
| #ifdef HAVE_SYS_TYPES_H
| # include <sys/types.h>
| #endif
| #ifdef HAVE_SYS_STAT_H
| # include <sys/stat.h>
| #endif
| #ifdef STDC_HEADERS
| # include <stdlib.h>
| # include <stddef.h>
| #else
| # ifdef HAVE_STDLIB_H
| #  include <stdlib.h>
| # endif
| #endif
| #ifdef HAVE_STRING_H
| # if !defined STDC_HEADERS && defined HAVE_MEMORY_H
| #  include <memory.h>
| # endif
| # include <string.h>
| #endif
| #ifdef HAVE_STRINGS_H
| # include <strings.h>
| #endif
| #ifdef HAVE_INTTYPES_H
| # include <inttypes.h>
| #endif
| #ifdef HAVE_STDINT_H
| # include <stdint.h>
| #endif
| #ifdef HAVE_UNISTD_H
| # include <unistd.h>
| #endif
| #include <sys/systeminfo.h>
configure:16205: result: no
configure:16205: checking sys/systeminfo.h presence
configure:16205: gcc -E -I/usr/include -DG_DISABLE_SINGLE_INCLUDES conftest.c
conftest.c:37:10: fatal error: sys/systeminfo.h: No such file or directory
   37 | #include <sys/systeminfo.h>
      |          ^~~~~~~~~~~~~~~~~~
compilation terminated.
configure:16205: $? = 1
configure: failed program was:
| /* confdefs.h */
| #define PACKAGE_NAME "gdk-pixbuf"
| #define PACKAGE_TARNAME "gdk-pixbuf"
| #define PACKAGE_VERSION "2.36.8"
| #define PACKAGE_STRING "gdk-pixbuf 2.36.8"
| #define PACKAGE_BUGREPORT "http://bugzilla.gnome.org/enter_bug.cgi?product=gdk-pixbuf"
| #define PACKAGE_URL ""
| #define HAVE_ROUND 1
| #define HAVE_LRINT 1
| #define OS_LINUX 1
| #define STDC_HEADERS 1
| #define HAVE_SYS_TYPES_H 1
| #define HAVE_SYS_STAT_H 1
| #define HAVE_STDLIB_H 1
| #define HAVE_STRING_H 1
| #define HAVE_MEMORY_H 1
| #define HAVE_STRINGS_H 1
| #define HAVE_INTTYPES_H 1
| #define HAVE_STDINT_H 1
| #define HAVE_UNISTD_H 1
| #define HAVE_DLFCN_H 1
| #define LT_OBJDIR ".libs/"
| #define HAVE_SIGSETJMP 1
| #define ENABLE_NLS 1
| #define HAVE_GETTEXT 1
| #define HAVE_DCGETTEXT 1
| #define GETTEXT_PACKAGE "gdk-pixbuf"
| #define HAVE_BIND_TEXTDOMAIN_CODESET 1
| #define HAVE_UNISTD_H 1
| #define HAVE_SYS_RESOURCE_H 1
| #define HAVE_SETRLIMIT 1
| #define STDC_HEADERS 1
| #define USE_GMODULE 1
| #define HAVE_PROGRESSIVE_JPEG 1
| #define GDK_PIXBUF_USE_GIO_MIME 1
| /* end confdefs.h.  */
| #include <sys/systeminfo.h>
configure:16205: result: no
configure:16205: checking for sys/systeminfo.h
configure:16205: result: no
configure:16213: checking sys/sysinfo.h usability
configure:16213: gcc -c -g -O2 -Wall -I/usr/include -DG_DISABLE_SINGLE_INCLUDES conftest.c >&5
configure:16213: $? = 0
configure:16213: result: yes
configure:16213: checking sys/sysinfo.h presence
configure:16213: gcc -E -I/usr/include -DG_DISABLE_SINGLE_INCLUDES conftest.c
configure:16213: $? = 0
configure:16213: result: yes
configure:16213: checking for sys/sysinfo.h
configure:16213: result: yes
configure:16222: checking for mediaLib 2.3
configure:16227: checking for mlib_ImageSetStruct in -lmlib
configure:16252: gcc -o conftest -g -O2 -Wall -I/usr/include -DG_DISABLE_SINGLE_INCLUDES -L/usr/lib64:/usr/lib conftest.c -lmlib   >&5
/usr/bin/ld: cannot find -lmlib
collect2: error: ld returned 1 exit status
configure:16252: $? = 1
configure: failed program was:
| /* confdefs.h */
| #define PACKAGE_NAME "gdk-pixbuf"
| #define PACKAGE_TARNAME "gdk-pixbuf"
| #define PACKAGE_VERSION "2.36.8"
| #define PACKAGE_STRING "gdk-pixbuf 2.36.8"
| #define PACKAGE_BUGREPORT "http://bugzilla.gnome.org/enter_bug.cgi?product=gdk-pixbuf"
| #define PACKAGE_URL ""
| #define HAVE_ROUND 1
| #define HAVE_LRINT 1
| #define OS_LINUX 1
| #define STDC_HEADERS 1
| #define HAVE_SYS_TYPES_H 1
| #define HAVE_SYS_STAT_H 1
| #define HAVE_STDLIB_H 1
| #define HAVE_STRING_H 1
| #define HAVE_MEMORY_H 1
| #define HAVE_STRINGS_H 1
| #define HAVE_INTTYPES_H 1
| #define HAVE_STDINT_H 1
| #define HAVE_UNISTD_H 1
| #define HAVE_DLFCN_H 1
| #define LT_OBJDIR ".libs/"
| #define HAVE_SIGSETJMP 1
| #define ENABLE_NLS 1
| #define HAVE_GETTEXT 1
| #define HAVE_DCGETTEXT 1
| #define GETTEXT_PACKAGE "gdk-pixbuf"
| #define HAVE_BIND_TEXTDOMAIN_CODESET 1
| #define HAVE_UNISTD_H 1
| #define HAVE_SYS_RESOURCE_H 1
| #define HAVE_SETRLIMIT 1
| #define STDC_HEADERS 1
| #define USE_GMODULE 1
| #define HAVE_PROGRESSIVE_JPEG 1
| #define GDK_PIXBUF_USE_GIO_MIME 1
| #define HAVE_SYS_SYSINFO_H 1
| /* end confdefs.h.  */
| 
| /* Override any GCC internal prototype to avoid an error.
|    Use char because int might match the return type of a GCC
|    builtin and then its argument prototype would still apply.  */
| #ifdef __cplusplus
| extern "C"
| #endif
| char mlib_ImageSetStruct ();
| int
| main ()
| {
| return mlib_ImageSetStruct ();
|   ;
|   return 0;
| }
configure:16261: result: no
configure:16350: checking for x86 platform
configure:16359: result: no
configure:16584: checking for gobject-introspection
configure:16615: $PKG_CONFIG --exists --print-errors "gobject-introspection-1.0 >= 0.9.3"
Package gobject-introspection-1.0 was not found in the pkg-config search path.
Perhaps you should add the directory containing `gobject-introspection-1.0.pc'
to the PKG_CONFIG_PATH environment variable
No package 'gobject-introspection-1.0' found
configure:16618: $? = 1
configure:16629: result: no
configure:16675: checking for gtk-doc
configure:16678: $PKG_CONFIG --exists --print-errors "$gtk_doc_requires"
Package gtk-doc was not found in the pkg-config search path.
Perhaps you should add the directory containing `gtk-doc.pc'
to the PKG_CONFIG_PATH environment variable
No package 'gtk-doc' found
configure:16681: $? = 1
configure:16687: result: no
configure:16693: WARNING:
  You will not be able to create source packages with 'make dist'
  because gtk-doc >= 1.20 is not found.
configure:16701: checking for gtkdoc-check
configure:16731: result: no
configure:16738: checking for gtkdoc-check
configure:16771: result: no
configure:16780: checking for gtkdoc-rebase
configure:16813: result: no
configure:16824: checking for gtkdoc-mkpdf
configure:16857: result: no
configure:16882: checking whether to build gtk-doc documentation
configure:16884: result: no
configure:16897: checking for GTKDOC_DEPS
configure:16904: $PKG_CONFIG --exists --print-errors "glib-2.0 >= 2.10.0 gobject-2.0  >= 2.10.0"
configure:16907: $? = 0
configure:16921: $PKG_CONFIG --exists --print-errors "glib-2.0 >= 2.10.0 gobject-2.0  >= 2.10.0"
configure:16924: $? = 0
configure:16962: result: yes
configure:17044: checking for db2html
configure:17072: result: false
configure:17167: checking for -fvisibility=hidden compiler flag
configure:17180: gcc -c -fvisibility=hidden -I/usr/include -DG_DISABLE_SINGLE_INCLUDES conftest.c >&5
configure:17180: $? = 0
configure:17181: result: yes
configure:17215: checking for -Bsymbolic-functions linker flag
configure:17229: gcc -o conftest -g -O2 -Wall -I/usr/include -DG_DISABLE_SINGLE_INCLUDES -Wl,-Bsymbolic-functions conftest.c  >&5
conftest.c: In function 'main':
conftest.c:43:5: warning: 'main' is normally a non-static function [-Wmain]
   43 | int main (void) { return 0; }
      |     ^~~~
At top level:
conftest.c:43:5: warning: 'main' defined but not used [-Wunused-function]
configure:17229: $? = 0
configure:17230: result: yes
configure:17293: checking whether to build with gcov testing
configure:17303: result: no
configure:17469: checking whether to build with application bundle relocation support
configure:17479: result: no
configure:17616: checking that generated files are newer than configure
configure:17622: result: done
configure:17668: checking that generated files are newer than configure
configure:17674: result: done
configure:17849: creating ./config.status

## ---------------------- ##
## Running config.status. ##
## ---------------------- ##

This file was extended by gdk-pixbuf config.status 2.36.8, which was
generated by GNU Autoconf 2.69.  Invocation command line was

  CONFIG_FILES    = 
  CONFIG_HEADERS  = 
  CONFIG_LINKS    = 
  CONFIG_COMMANDS = 
  $ ./config.status 

on MILNrij-mianta

config.status:1319: creating Makefile
config.status:1319: creating gdk-pixbuf-2.0.pc
config.status:1319: creating gdk-pixbuf/Makefile
config.status:1319: creating gdk-pixbuf/gdk_pixbuf.rc
config.status:1319: creating gdk-pixbuf/gdk-pixbuf-features.h
config.status:1319: creating gdk-pixbuf/pixops/Makefile
config.status:1319: creating win32/Makefile
config.status:1319: creating win32/vs9/Makefile
config.status:1319: creating win32/vs9/gdk-pixbuf-version-paths.vsprops
config.status:1319: creating win32/vs10/Makefile
config.status:1319: creating win32/vs10/gdk-pixbuf-version-paths.props
config.status:1319: creating win32/vs11/Makefile
config.status:1319: creating win32/vs12/Makefile
config.status:1319: creating win32/vs14/Makefile
config.status:1319: creating win32/vs15/Makefile
config.status:1319: creating docs/Makefile
config.status:1319: creating docs/reference/Makefile
config.status:1319: creating docs/reference/gdk-pixbuf/Makefile
config.status:1319: creating docs/reference/gdk-pixbuf/version.xml
config.status:1319: creating po/Makefile.in
config.status:1319: creating tests/Makefile
config.status:1319: creating thumbnailer/Makefile
config.status:1319: creating contrib/Makefile
config.status:1319: creating contrib/gdk-pixbuf-xlib/Makefile
config.status:1319: creating contrib/gdk-pixbuf-xlib/gdk-pixbuf-xlib-2.0.pc
config.status:1319: creating config.h.win32
config.status:1319: creating config.h
config.status:1548: executing depfiles commands
config.status:1548: executing libtool commands
config.status:1548: executing po-directories commands

## ---------------- ##
## Cache variables. ##
## ---------------- ##

ac_cv_build=x86_64-pc-linux-gnu
ac_cv_c_compiler_gnu=yes
ac_cv_c_const=yes
ac_cv_env_BASE_DEPENDENCIES_CFLAGS_set=
ac_cv_env_BASE_DEPENDENCIES_CFLAGS_value=
ac_cv_env_BASE_DEPENDENCIES_LIBS_set=
ac_cv_env_BASE_DEPENDENCIES_LIBS_value=
ac_cv_env_CCASFLAGS_set=
ac_cv_env_CCASFLAGS_value=
ac_cv_env_CCAS_set=
ac_cv_env_CCAS_value=
ac_cv_env_CC_set=
ac_cv_env_CC_value=
ac_cv_env_CFLAGS_set=
ac_cv_env_CFLAGS_value=
ac_cv_env_CPPFLAGS_set=set
ac_cv_env_CPPFLAGS_value=-I/usr/include
ac_cv_env_CPP_set=
ac_cv_env_CPP_value=
ac_cv_env_GDK_PIXBUF_XLIB_DEP_CFLAGS_set=
ac_cv_env_GDK_PIXBUF_XLIB_DEP_CFLAGS_value=
ac_cv_env_GDK_PIXBUF_XLIB_DEP_LIBS_set=
ac_cv_env_GDK_PIXBUF_XLIB_DEP_LIBS_value=
ac_cv_env_GTKDOC_DEPS_CFLAGS_set=
ac_cv_env_GTKDOC_DEPS_CFLAGS_value=
ac_cv_env_GTKDOC_DEPS_LIBS_set=
ac_cv_env_GTKDOC_DEPS_LIBS_value=
ac_cv_env_LDFLAGS_set=set
ac_cv_env_LDFLAGS_value=-L/usr/lib64:/usr/lib
ac_cv_env_LIBS_set=
ac_cv_env_LIBS_value=
ac_cv_env_LT_SYS_LIBRARY_PATH_set=
ac_cv_env_LT_SYS_LIBRARY_PATH_value=
ac_cv_env_PKG_CONFIG_LIBDIR_set=
ac_cv_env_PKG_CONFIG_LIBDIR_value=
ac_cv_env_PKG_CONFIG_PATH_set=set
ac_cv_env_PKG_CONFIG_PATH_value=/usr/lib64/pkgconfig:/usr/lib/pkgconfig
ac_cv_env_PKG_CONFIG_set=
ac_cv_env_PKG_CONFIG_value=
ac_cv_env_SHARED_MIME_INFO_CFLAGS_set=
ac_cv_env_SHARED_MIME_INFO_CFLAGS_value=
ac_cv_env_SHARED_MIME_INFO_LIBS_set=
ac_cv_env_SHARED_MIME_INFO_LIBS_value=
ac_cv_env_TIFF_CFLAGS_set=
ac_cv_env_TIFF_CFLAGS_value=
ac_cv_env_TIFF_LIBS_set=
ac_cv_env_TIFF_LIBS_value=
ac_cv_env_build_alias_set=
ac_cv_env_build_alias_value=
ac_cv_env_host_alias_set=
ac_cv_env_host_alias_value=
ac_cv_env_target_alias_set=
ac_cv_env_target_alias_value=
ac_cv_func_bind_textdomain_codeset=yes
ac_cv_func_setrlimit=yes
ac_cv_header_dlfcn_h=yes
ac_cv_header_inttypes_h=yes
ac_cv_header_memory_h=yes
ac_cv_header_stdc=yes
ac_cv_header_stdint_h=yes
ac_cv_header_stdlib_h=yes
ac_cv_header_string_h=yes
ac_cv_header_strings_h=yes
ac_cv_header_sys_resource_h=yes
ac_cv_header_sys_stat_h=yes
ac_cv_header_sys_sysinfo_h=yes
ac_cv_header_sys_systeminfo_h=no
ac_cv_header_sys_types_h=yes
ac_cv_header_unistd_h=yes
ac_cv_host=x86_64-pc-linux-gnu
ac_cv_lib_jpeg_jpeg_destroy_decompress=yes
ac_cv_lib_jpeg_jpeg_simple_progression=yes
ac_cv_lib_m_cos=yes
ac_cv_lib_m_lrint=yes
ac_cv_lib_m_round=yes
ac_cv_lib_mlib_mlib_ImageSetStruct=no
ac_cv_objext=o
ac_cv_path_EGREP='/usr/bin/grep -E'
ac_cv_path_FGREP='/usr/bin/grep -F'
ac_cv_path_GMSGFMT=:
ac_cv_path_GREP=/usr/bin/grep
ac_cv_path_MSGFMT=:
ac_cv_path_MSGMERGE=:
ac_cv_path_PERL=/usr/bin/perl
ac_cv_path_SED=/usr/bin/sed
ac_cv_path_XGETTEXT=:
ac_cv_path_ac_pt_PKG_CONFIG=/usr/bin/pkg-config
ac_cv_path_install='/usr/bin/install -c'
ac_cv_path_lt_DD=/usr/bin/dd
ac_cv_path_mkdir=/usr/bin/mkdir
ac_cv_prog_AWK=mawk
ac_cv_prog_CPP='gcc -E'
ac_cv_prog_DB2HTML=false
ac_cv_prog_ac_ct_AR=ar
ac_cv_prog_ac_ct_CC=gcc
ac_cv_prog_ac_ct_MANIFEST_TOOL=mt
ac_cv_prog_ac_ct_OBJDUMP=objdump
ac_cv_prog_ac_ct_RANLIB=ranlib
ac_cv_prog_ac_ct_STRIP=strip
ac_cv_prog_cc_c89=
ac_cv_prog_cc_c99=
ac_cv_prog_cc_g=yes
ac_cv_prog_cc_gcc_c_o=yes
ac_cv_prog_cc_stdc=
ac_cv_prog_make_make_set=yes
ac_cv_sys_file_offset_bits=no
ac_cv_sys_largefile_CC=no
acl_cv_hardcode_direct=no
acl_cv_hardcode_libdir_flag_spec='${wl}-rpath ${wl}$libdir'
acl_cv_hardcode_libdir_separator=
acl_cv_hardcode_minus_L=no
acl_cv_libext=a
acl_cv_libname_spec='lib$name'
acl_cv_library_names_spec='$libname$shrext'
acl_cv_path_LD='/usr/bin/ld -m elf_x86_64'
acl_cv_prog_gnu_ld=yes
acl_cv_rpath=done
acl_cv_shlibext=so
acl_cv_wl=-Wl,
am_cv_CCAS_dependencies_compiler_type=gcc3
am_cv_CC_dependencies_compiler_type=gcc3
am_cv_make_support_nested_variables=yes
am_cv_prog_cc_c_o=yes
am_cv_prog_tar_ustar=gnutar
gt_cv_func_CFLocaleCopyCurrent=no
gt_cv_func_CFPreferencesCopyAppValue=no
gt_cv_func_gnugettext1_libc=yes
lt_cv_ar_at_file=@
lt_cv_archive_cmds_need_lc=no
lt_cv_deplibs_check_method=pass_all
lt_cv_file_magic_cmd='$MAGIC_CMD'
lt_cv_file_magic_test_file=
lt_cv_ld_reload_flag=-r
lt_cv_nm_interface='BSD nm'
lt_cv_objdir=.libs
lt_cv_path_LD=/usr/bin/ld
lt_cv_path_NM='/usr/bin/nm -B'
lt_cv_path_mainfest_tool=no
lt_cv_prog_compiler_c_o=yes
lt_cv_prog_compiler_pic='-fPIC -DPIC'
lt_cv_prog_compiler_pic_works=yes
lt_cv_prog_compiler_rtti_exceptions=no
lt_cv_prog_compiler_static_works=yes
lt_cv_prog_gnu_ld=yes
lt_cv_sharedlib_from_linklib_cmd='printf %s\n'
lt_cv_shlibpath_overrides_runpath=yes
lt_cv_sys_global_symbol_pipe='sed -n -e '\''s/^.*[	 ]\([ABCDGIRSTW][ABCDGIRSTW]*\)[	 ][	 ]*\([_A-Za-z][_A-Za-z0-9]*\)$/\1 \2 \2/p'\'' | sed '\''/ __gnu_lto/d'\'''
lt_cv_sys_global_symbol_to_c_name_address='sed -n -e '\''s/^: \(.*\) .*$/  {"\1", (void *) 0},/p'\'' -e '\''s/^[ABCDGIRSTW][ABCDGIRSTW]* .* \(.*\)$/  {"\1", (void *) \&\1},/p'\'''
lt_cv_sys_global_symbol_to_c_name_address_lib_prefix='sed -n -e '\''s/^: \(.*\) .*$/  {"\1", (void *) 0},/p'\'' -e '\''s/^[ABCDGIRSTW][ABCDGIRSTW]* .* \(lib.*\)$/  {"\1", (void *) \&\1},/p'\'' -e '\''s/^[ABCDGIRSTW][ABCDGIRSTW]* .* \(.*\)$/  {"lib\1", (void *) \&\1},/p'\'''
lt_cv_sys_global_symbol_to_cdecl='sed -n -e '\''s/^T .* \(.*\)$/extern int \1();/p'\'' -e '\''s/^[ABCDGIRSTW][ABCDGIRSTW]* .* \(.*\)$/extern char \1;/p'\'''
lt_cv_sys_global_symbol_to_import=
lt_cv_sys_max_cmd_len=1572864
lt_cv_to_host_file_cmd=func_convert_file_noop
lt_cv_to_tool_file_cmd=func_convert_file_noop
lt_cv_truncate_bin='/usr/bin/dd bs=4096 count=1'
pkg_cv_BASE_DEPENDENCIES_CFLAGS='-I/usr/include/glib-2.0 -I/usr/lib/x86_64-linux-gnu/glib-2.0/include'
pkg_cv_BASE_DEPENDENCIES_LIBS=-lglib-2.0
pkg_cv_GTKDOC_DEPS_CFLAGS='-I/usr/include/glib-2.0 -I/usr/lib/x86_64-linux-gnu/glib-2.0/include'
pkg_cv_GTKDOC_DEPS_LIBS='-lgobject-2.0 -lglib-2.0'
pkg_cv_SHARED_MIME_INFO_CFLAGS=
pkg_cv_SHARED_MIME_INFO_LIBS=

## ----------------- ##
## Output variables. ##
## ----------------- ##

ACLOCAL='${SHELL} /home/mianta/Projet-S4/projet-s4/src/gdk-pixbuf-2.36.8/missing aclocal-1.15'
AMDEPBACKSLASH='\'
AMDEP_FALSE='#'
AMDEP_TRUE=''
AMTAR='$${TAR-tar}'
AM_BACKSLASH='\'
AM_DEFAULT_V='$(AM_DEFAULT_VERBOSITY)'
AM_DEFAULT_VERBOSITY='0'
AM_V='$(V)'
AR='ar'
AS='as'
AUTOCONF='${SHELL} /home/mianta/Projet-S4/projet-s4/src/gdk-pixbuf-2.36.8/missing autoconf'
AUTOHEADER='${SHELL} /home/mianta/Projet-S4/projet-s4/src/gdk-pixbuf-2.36.8/missing autoheader'
AUTOMAKE='${SHELL} /home/mianta/Projet-S4/projet-s4/src/gdk-pixbuf-2.36.8/missing automake-1.15'
AWK='mawk'
BASE_DEPENDENCIES_CFLAGS='-I/usr/include/glib-2.0 -I/usr/lib/x86_64-linux-gnu/glib-2.0/include'
BASE_DEPENDENCIES_LIBS='-lglib-2.0'
BUILD_DYNAMIC_MODULES_FALSE='#'
BUILD_DYNAMIC_MODULES_TRUE=''
BUILD_GDIPLUS_LOADERS_FALSE=''
BUILD_GDIPLUS_LOADERS_TRUE='#'
CC='gcc'
CCAS='gcc'
CCASDEPMODE='depmode=gcc3'
CCASFLAGS='-g -O2'
CCDEPMODE='depmode=gcc3'
CFLAGS='-g -O2 -Wall'
CPP='gcc -E'
CPPFLAGS='-I/usr/include -DG_DISABLE_SINGLE_INCLUDES'
CROSS_COMPILING_FALSE=''
CROSS_COMPILING_TRUE='#'
CYGPATH_W='echo'
DB2HTML='false'
DEFS='-DHAVE_CONFIG_H'
DEPDIR='.deps'
DISABLE_EXPLICIT_DEPS_FALSE='#'
DISABLE_EXPLICIT_DEPS_TRUE=''
DLLTOOL='false'
DSYMUTIL=''
DUMPBIN=''
ECHO_C=''
ECHO_N='-n'
ECHO_T=''
EGREP='/usr/bin/grep -E'
ENABLE_ALWAYS_BUILD_TESTS_FALSE=''
ENABLE_ALWAYS_BUILD_TESTS_TRUE='#'
ENABLE_GTK_DOC_FALSE=''
ENABLE_GTK_DOC_TRUE='#'
ENABLE_INSTALLED_TESTS_FALSE=''
ENABLE_INSTALLED_TESTS_TRUE='#'
ENABLE_MAN_FALSE=''
ENABLE_MAN_TRUE='#'
EXEEXT=''
EXE_MANIFEST_ARCHITECTURE='X86'
FGREP='/usr/bin/grep -F'
GCOV=''
GDK_PIXBUF_API_VERSION='2.0'
GDK_PIXBUF_BINARY_VERSION='2.10.0'
GDK_PIXBUF_DEP_CFLAGS='-pthread -I/usr/include/libmount -I/usr/include/blkid -I/usr/include/glib-2.0 -I/usr/lib/x86_64-linux-gnu/glib-2.0/include -I/usr/include/libpng16 '
GDK_PIXBUF_DEP_LIBS='-lgmodule-2.0 -pthread -lgio-2.0 -lgobject-2.0 -lglib-2.0 -lpng16 -lz -lm'
GDK_PIXBUF_EXTRA_CFLAGS=''
GDK_PIXBUF_EXTRA_LIBS=' -lm '
GDK_PIXBUF_HIDDEN_VISIBILITY_CFLAGS='-fvisibility=hidden'
GDK_PIXBUF_LINK_FLAGS='-Wl,-Bsymbolic-functions'
GDK_PIXBUF_MAJOR='2'
GDK_PIXBUF_MICRO='8'
GDK_PIXBUF_MINOR='36'
GDK_PIXBUF_PACKAGES='gmodule-no-export-2.0 gobject-2.0 gio-2.0'
GDK_PIXBUF_VERSION='2.36.8'
GDK_PIXBUF_XLIB_DEP_CFLAGS=''
GDK_PIXBUF_XLIB_DEP_LIBS=''
GENHTML=''
GETTEXT_MACRO_VERSION='0.19'
GETTEXT_PACKAGE='gdk-pixbuf'
GLIB_CFLAGS='-pthread -I/usr/include/glib-2.0 -I/usr/lib/x86_64-linux-gnu/glib-2.0/include'
GLIB_COMPILE_RESOURCES='/usr/bin/glib-compile-resources'
GLIB_GENMARSHAL='/usr/bin/glib-genmarshal'
GLIB_LIBS='-lgobject-2.0 -lgmodule-2.0 -pthread -lgthread-2.0 -pthread -lglib-2.0'
GLIB_MKENUMS='/usr/bin/glib-mkenums'
GMSGFMT=':'
GMSGFMT_015=':'
GOBJECT_QUERY='/usr/bin/gobject-query'
GREP='/usr/bin/grep'
GTKDOC_CHECK=''
GTKDOC_CHECK_PATH=''
GTKDOC_DEPS_CFLAGS='-I/usr/include/glib-2.0 -I/usr/lib/x86_64-linux-gnu/glib-2.0/include'
GTKDOC_DEPS_LIBS='-lgobject-2.0 -lglib-2.0'
GTKDOC_MKPDF=''
GTKDOC_REBASE='true'
GTK_DOC_BUILD_HTML_FALSE='#'
GTK_DOC_BUILD_HTML_TRUE=''
GTK_DOC_BUILD_PDF_FALSE=''
GTK_DOC_BUILD_PDF_TRUE='#'
GTK_DOC_USE_LIBTOOL_FALSE='#'
GTK_DOC_USE_LIBTOOL_TRUE=''
GTK_DOC_USE_REBASE_FALSE='#'
GTK_DOC_USE_REBASE_TRUE=''
HAVE_DOCBOOK_FALSE=''
HAVE_DOCBOOK_TRUE='#'
HAVE_GTK_DOC_FALSE=''
HAVE_GTK_DOC_TRUE='#'
HAVE_INTROSPECTION_FALSE=''
HAVE_INTROSPECTION_TRUE='#'
HAVE_JASPER_FALSE=''
HAVE_JASPER_TRUE='#'
HAVE_JPEG_FALSE='#'
HAVE_JPEG_TRUE=''
HAVE_PNG_FALSE='#'
HAVE_PNG_TRUE=''
HAVE_TIFF_FALSE=''
HAVE_TIFF_TRUE='#'
HTML_DIR='${datadir}/gtk-doc/html'
INCLUDED_LOADER_DEFINE=''
INCLUDED_LOADER_OBJ=''
INCLUDE_ANI_FALSE=''
INCLUDE_ANI_TRUE='#'
INCLUDE_BMP_FALSE=''
INCLUDE_BMP_TRUE='#'
INCLUDE_GDIPLUS_FALSE=''
INCLUDE_GDIPLUS_TRUE='#'
INCLUDE_GIF_FALSE=''
INCLUDE_GIF_TRUE='#'
INCLUDE_ICNS_FALSE=''
INCLUDE_ICNS_TRUE='#'
INCLUDE_ICO_FALSE=''
INCLUDE_ICO_TRUE='#'
INCLUDE_JASPER_FALSE=''
INCLUDE_JASPER_TRUE='#'
INCLUDE_JPEG_FALSE=''
INCLUDE_JPEG_TRUE='#'
INCLUDE_PNG_FALSE=''
INCLUDE_PNG_TRUE='#'
INCLUDE_PNM_FALSE=''
INCLUDE_PNM_TRUE='#'
INCLUDE_QTIF_FALSE=''
INCLUDE_QTIF_TRUE='#'
INCLUDE_TGA_FALSE=''
INCLUDE_TGA_TRUE='#'
INCLUDE_TIFF_FALSE=''
INCLUDE_TIFF_TRUE='#'
INCLUDE_XBM_FALSE=''
INCLUDE_XBM_TRUE='#'
INCLUDE_XPM_FALSE=''
INCLUDE_XPM_TRUE='#'
INSTALL_DATA='${INSTALL} -m 644'
INSTALL_PROGRAM='${INSTALL}'
INSTALL_SCRIPT='${INSTALL}'
INSTALL_STRIP_PROGRAM='$(install_sh) -c -s'
INTLLIBS=''
INTL_MACOSX_LIBS=''
INTROSPECTION_CFLAGS=''
INTROSPECTION_COMPILER=''
INTROSPECTION_GENERATE=''
INTROSPECTION_GIRDIR=''
INTROSPECTION_LIBS=''
INTROSPECTION_MAKEFILE=''
INTROSPECTION_SCANNER=''
INTROSPECTION_TYPELIBDIR=''
LCOV=''
LD='/usr/bin/ld -m elf_x86_64'
LDFLAGS='-L/usr/lib64:/usr/lib'
LIBICONV='-liconv'
LIBINTL=''
LIBJASPER=''
LIBJPEG='-ljpeg'
LIBM='-lm'
LIBOBJS=''
LIBPNG='-lpng16 -lz'
LIBS=''
LIBTIFF=''
LIBTOOL='$(SHELL) $(top_builddir)/libtool'
LIBTOOL_EXPORT_OPTIONS='-export-symbols-regex "^[^_].*"'
LIB_EXE_MACHINE_FLAG='X86'
LIPO=''
LN_S='ln -s'
LTLIBICONV='-liconv'
LTLIBINTL=''
LTLIBOBJS=''
LT_CURRENT_MINUS_AGE='0'
LT_SYS_LIBRARY_PATH=''
LT_VERSION_INFO='3608:0:3608'
MAINT=''
MAINTAINER_MODE_FALSE='#'
MAINTAINER_MODE_TRUE=''
MAKEINFO='${SHELL} /home/mianta/Projet-S4/projet-s4/src/gdk-pixbuf-2.36.8/missing makeinfo'
MANIFEST_TOOL=':'
MKDIR_P='/usr/bin/mkdir -p'
MSGFMT=':'
MSGFMT_015=':'
MSGMERGE=':'
MSVC_BASE_NO_TOOLSET_SET_FALSE='#'
MSVC_BASE_NO_TOOLSET_SET_TRUE=''
MSVC_NO_TOOLSET_SET_FALSE='#'
MSVC_NO_TOOLSET_SET_TRUE=''
MS_LIB_AVAILABLE_FALSE=''
MS_LIB_AVAILABLE_TRUE='#'
NM='/usr/bin/nm -B'
NMEDIT=''
OBJDUMP='objdump'
OBJEXT='o'
OS_LINUX_FALSE='#'
OS_LINUX_TRUE=''
OS_UNIX_FALSE='#'
OS_UNIX_TRUE=''
OS_WIN32_FALSE=''
OS_WIN32_TRUE='#'
OTOOL64=''
OTOOL=''
PACKAGE='gdk-pixbuf'
PACKAGE_BUGREPORT='http://bugzilla.gnome.org/enter_bug.cgi?product=gdk-pixbuf'
PACKAGE_NAME='gdk-pixbuf'
PACKAGE_STRING='gdk-pixbuf 2.36.8'
PACKAGE_TARNAME='gdk-pixbuf'
PACKAGE_URL=''
PACKAGE_VERSION='2.36.8'
PATH_SEPARATOR=':'
PERL='/usr/bin/perl'
PKG_CONFIG='/usr/bin/pkg-config'
PKG_CONFIG_LIBDIR=''
PKG_CONFIG_PATH='/usr/lib64/pkgconfig:/usr/lib/pkgconfig'
PLATFORM_WIN32_FALSE=''
PLATFORM_WIN32_TRUE='#'
PNG_DEP_CFLAGS_PACKAGES='libpng16'
POSUB='po'
RANLIB='ranlib'
REBUILD=''
SED='/usr/bin/sed'
SET_MAKE=''
SHARED_MIME_INFO_CFLAGS=''
SHARED_MIME_INFO_LIBS=''
SHELL='/bin/bash'
STRIP='strip'
TIFF_CFLAGS=''
TIFF_LIBS=''
USE_MEDIALIB25_FALSE=''
USE_MEDIALIB25_TRUE='#'
USE_MEDIALIB_FALSE=''
USE_MEDIALIB_TRUE='#'
USE_MMX_FALSE=''
USE_MMX_TRUE='#'
USE_NLS='yes'
USE_X11_FALSE=''
USE_X11_TRUE='#'
VERSION='2.36.8'
WINDRES=''
WITH_COVERAGE_FALSE=''
WITH_COVERAGE_TRUE='#'
XGETTEXT=':'
XGETTEXT_015=':'
XGETTEXT_EXTRA_OPTIONS=''
XSLTPROC=''
ac_ct_AR='ar'
ac_ct_CC='gcc'
ac_ct_DUMPBIN=''
ac_ct_NM=''
am__EXEEXT_FALSE=''
am__EXEEXT_TRUE='#'
am__fastdepCCAS_FALSE='#'
am__fastdepCCAS_TRUE=''
am__fastdepCC_FALSE='#'
am__fastdepCC_TRUE=''
am__include='include'
am__isrc=''
am__leading_dot='.'
am__nodep='_no'
am__quote=''
am__tar='tar --format=ustar -chf - "$$tardir"'
am__untar='tar -xf -'
bindir='${exec_prefix}/bin'
build='x86_64-pc-linux-gnu'
build_alias=''
build_cpu='x86_64'
build_os='linux-gnu'
build_vendor='pc'
datadir='${datarootdir}'
datarootdir='${prefix}/share'
docdir='${datarootdir}/doc/${PACKAGE_TARNAME}'
dvidir='${docdir}'
exec_prefix='${prefix}'
host='x86_64-pc-linux-gnu'
host_alias=''
host_cpu='x86_64'
host_os='linux-gnu'
host_vendor='pc'
htmldir='${docdir}'
includedir='${prefix}/include'
infodir='${datarootdir}/info'
install_sh='${SHELL} /home/mianta/Projet-S4/projet-s4/src/gdk-pixbuf-2.36.8/install-sh'
installed_test_metadir=''
installed_testdir=''
libdir='${exec_prefix}/lib'
libexecdir='${exec_prefix}/libexec'
localedir='${datarootdir}/locale'
localstatedir='${prefix}/var'
mandir='${datarootdir}/man'
mkdir_p='$(MKDIR_P)'
ms_librarian=''
oldincludedir='/usr/include'
pdfdir='${docdir}'
prefix='/usr'
program_transform_name='s,x,x,'
psdir='${docdir}'
sbindir='${exec_prefix}/sbin'
sharedstatedir='${prefix}/com'
sysconfdir='${prefix}/etc'
target_alias=''

## ----------- ##
## confdefs.h. ##
## ----------- ##

/* confdefs.h */
#define PACKAGE_NAME "gdk-pixbuf"
#define PACKAGE_TARNAME "gdk-pixbuf"
#define PACKAGE_VERSION "2.36.8"
#define PACKAGE_STRING "gdk-pixbuf 2.36.8"
#define PACKAGE_BUGREPORT "http://bugzilla.gnome.org/enter_bug.cgi?product=gdk-pixbuf"
#define PACKAGE_URL ""
#define HAVE_ROUND 1
#define HAVE_LRINT 1
#define OS_LINUX 1
#define STDC_HEADERS 1
#define HAVE_SYS_TYPES_H 1
#define HAVE_SYS_STAT_H 1
#define HAVE_STDLIB_H 1
#define HAVE_STRING_H 1
#define HAVE_MEMORY_H 1
#define HAVE_STRINGS_H 1
#define HAVE_INTTYPES_H 1
#define HAVE_STDINT_H 1
#define HAVE_UNISTD_H 1
#define HAVE_DLFCN_H 1
#define LT_OBJDIR ".libs/"
#define HAVE_SIGSETJMP 1
#define ENABLE_NLS 1
#define HAVE_GETTEXT 1
#define HAVE_DCGETTEXT 1
#define GETTEXT_PACKAGE "gdk-pixbuf"
#define HAVE_BIND_TEXTDOMAIN_CODESET 1
#define HAVE_UNISTD_H 1
#define HAVE_SYS_RESOURCE_H 1
#define HAVE_SETRLIMIT 1
#define STDC_HEADERS 1
#define USE_GMODULE 1
#define HAVE_PROGRESSIVE_JPEG 1
#define GDK_PIXBUF_USE_GIO_MIME 1
#define HAVE_SYS_SYSINFO_H 1
#define _GDK_PIXBUF_EXTERN __attribute__((visibility("default"))) extern

configure: exit 0
