This file contains any messages produced by compilers while
running configure, to aid debugging if configure makes a mistake.

It was created by gdk-pixbuf configure 2.28.2, which was
generated by GNU Autoconf 2.69.  Invocation command line was

  $ ./configure --prefix=/usr --without-libtiff

## --------- ##
## Platform. ##
## --------- ##

hostname = MILNrij-mianta
uname -m = x86_64
uname -r = 5.15.0-130-generic
uname -s = Linux
uname -v = #140~20.04.1-Ubuntu SMP Wed Dec 18 21:35:34 UTC 2024

/usr/bin/uname -p = x86_64
/bin/uname -X     = unknown

/bin/arch              = x86_64
/usr/bin/arch -k       = unknown
/usr/convex/getsysinfo = unknown
/usr/bin/hostinfo      = unknown
/bin/machine           = unknown
/usr/bin/oslevel       = unknown
/bin/universe          = unknown

PATH: /usr/bin
PATH: /home/mianta/.cargo/bin
PATH: /usr/local/sbin
PATH: /usr/local/bin
PATH: /usr/sbin
PATH: /usr/bin
PATH: /sbin
PATH: /bin
PATH: /usr/games
PATH: /usr/local/games
PATH: /snap/bin


## ----------- ##
## Core tests. ##
## ----------- ##

configure:2525: checking for a BSD-compatible install
configure:2593: result: /usr/bin/install -c
configure:2604: checking whether build environment is sane
configure:2659: result: yes
configure:2808: checking for a thread-safe mkdir -p
configure:2847: result: /usr/bin/mkdir -p
configure:2854: checking for gawk
configure:2884: result: no
configure:2854: checking for mawk
configure:2870: found /usr/bin/mawk
configure:2881: result: mawk
configure:2892: checking whether make sets $(MAKE)
configure:2914: result: yes
configure:2943: checking whether make supports nested variables
configure:2960: result: yes
configure:3040: checking whether UID '1000' is supported by ustar format
configure:3043: result: yes
configure:3050: checking whether GID '1000' is supported by ustar format
configure:3053: result: yes
configure:3061: checking how to create a ustar tar archive
configure:3072: tar --version
tar (GNU tar) 1.30
Copyright (C) 2017 Free Software Foundation, Inc.
License GPLv3+: GNU GPL version 3 or later <https://gnu.org/licenses/gpl.html>.
This is free software: you are free to change and redistribute it.
There is NO WARRANTY, to the extent permitted by law.

Written by John Gilmore and Jay Fenlason.
configure:3075: $? = 0
configure:3115: tardir=conftest.dir && eval tar --format=ustar -chf - "$tardir" >conftest.tar
configure:3118: $? = 0
configure:3122: tar -xf - <conftest.tar
configure:3125: $? = 0
configure:3127: cat conftest.dir/file
GrepMe
configure:3130: $? = 0
configure:3143: result: gnutar
configure:3152: checking whether to enable maintainer-specific portions of Makefiles
configure:3161: result: yes
configure:3189: checking whether make supports nested variables
configure:3206: result: yes
configure:3305: checking for gcc
configure:3321: found /usr/bin/gcc
configure:3332: result: gcc
configure:3561: checking for C compiler version
configure:3570: gcc --version >&5
gcc (Ubuntu 9.4.0-1ubuntu1~20.04.2) 9.4.0
Copyright (C) 2019 Free Software Foundation, Inc.
This is free software; see the source for copying conditions.  There is NO
warranty; not even for MERCHANTABILITY or FITNESS FOR A PARTICULAR PURPOSE.

configure:3581: $? = 0
configure:3570: gcc -v >&5
Using built-in specs.
COLLECT_GCC=gcc
COLLECT_LTO_WRAPPER=/usr/lib/gcc/x86_64-linux-gnu/9/lto-wrapper
OFFLOAD_TARGET_NAMES=nvptx-none:hsa
OFFLOAD_TARGET_DEFAULT=1
Target: x86_64-linux-gnu
Configured with: ../src/configure -v --with-pkgversion='Ubuntu 9.4.0-1ubuntu1~20.04.2' --with-bugurl=file:///usr/share/doc/gcc-9/README.Bugs --enable-languages=c,ada,c++,go,brig,d,fortran,objc,obj-c++,gm2 --prefix=/usr --with-gcc-major-version-only --program-suffix=-9 --program-prefix=x86_64-linux-gnu- --enable-shared --enable-linker-build-id --libexecdir=/usr/lib --without-included-gettext --enable-threads=posix --libdir=/usr/lib --enable-nls --enable-clocale=gnu --enable-libstdcxx-debug --enable-libstdcxx-time=yes --with-default-libstdcxx-abi=new --enable-gnu-unique-object --disable-vtable-verify --enable-plugin --enable-default-pie --with-system-zlib --with-target-system-zlib=auto --enable-objc-gc=auto --enable-multiarch --disable-werror --with-arch-32=i686 --with-abi=m64 --with-multilib-list=m32,m64,mx32 --enable-multilib --with-tune=generic --enable-offload-targets=nvptx-none=/build/gcc-9-9QDOt0/gcc-9-9.4.0/debian/tmp-nvptx/usr,hsa --without-cuda-driver --enable-checking=release --build=x86_64-linux-gnu --host=x86_64-linux-gnu --target=x86_64-linux-gnu
Thread model: posix
gcc version 9.4.0 (Ubuntu 9.4.0-1ubuntu1~20.04.2) 
configure:3581: $? = 0
configure:3570: gcc -V >&5
gcc: error: unrecognized command line option '-V'
gcc: fatal error: no input files
compilation terminated.
configure:3581: $? = 1
configure:3570: gcc -qversion >&5
gcc: error: unrecognized command line option '-qversion'; did you mean '--version'?
gcc: fatal error: no input files
compilation terminated.
configure:3581: $? = 1
configure:3601: checking whether the C compiler works
configure:3623: gcc  -I/usr/include -L/usr/lib64:/usr/lib conftest.c  >&5
configure:3627: $? = 0
configure:3675: result: yes
configure:3678: checking for C compiler default output file name
configure:3680: result: a.out
configure:3686: checking for suffix of executables
configure:3693: gcc -o conftest  -I/usr/include -L/usr/lib64:/usr/lib conftest.c  >&5
configure:3697: $? = 0
configure:3719: result: 
configure:3741: checking whether we are cross compiling
configure:3749: gcc -o conftest  -I/usr/include -L/usr/lib64:/usr/lib conftest.c  >&5
configure:3753: $? = 0
configure:3760: ./conftest
configure:3764: $? = 0
configure:3752: result: no
configure:3757: checking for suffix of object files
configure:3779: gcc -c  -I/usr/include conftest.c >&5
configure:3783: $? = 0
configure:3804: result: o
configure:3808: checking whether we are using the GNU C compiler
configure:3827: gcc -c  -I/usr/include conftest.c >&5
configure:3827: $? = 0
configure:3836: result: yes
configure:3845: checking whether gcc accepts -g
configure:3865: gcc -c -g -I/usr/include conftest.c >&5
configure:3865: $? = 0
configure:3906: result: yes
configure:3923: checking for gcc option to accept ISO C89
configure:3986: gcc  -c -g -O2 -I/usr/include conftest.c >&5
configure:3986: $? = 0
configure:3999: result: none needed
configure:4030: checking for style of include used by make
configure:4058: result: GNU
configure:4084: checking dependency style of gcc
configure:4195: result: gcc3
configure:4211: checking whether gcc and cc understand -c and -o together
configure:4242: gcc -c conftest.c -o conftest2.o >&5
configure:4246: $? = 0
configure:4252: gcc -c conftest.c -o conftest2.o >&5
configure:4256: $? = 0
configure:4267: cc -c conftest.c >&5
configure:4271: $? = 0
configure:4279: cc -c conftest.c -o conftest2.o >&5
configure:4283: $? = 0
configure:4289: cc -c conftest.c -o conftest2.o >&5
configure:4293: $? = 0
configure:4311: result: yes
configure:4325: checking for gcc option to accept ISO C99
configure:4474: gcc  -c -g -O2 -I/usr/include conftest.c >&5
configure:4474: $? = 0
configure:4487: result: none needed
configure:4595: checking for gcc option to accept ISO Standard C
configure:4606: result: none needed
configure:4614: checking whether make sets $(MAKE)
configure:4636: result: yes
configure:4699: checking for pkg-config
configure:4717: found /usr/bin/pkg-config
configure:4729: result: /usr/bin/pkg-config
configure:4754: checking pkg-config is at least version 0.9.0
configure:4757: result: yes
configure:4770: checking build system type
configure:4784: result: x86_64-unknown-linux-gnu
configure:4804: checking host system type
configure:4817: result: x86_64-unknown-linux-gnu
configure:4847: checking for native Win32
configure:4867: result: no
configure:4939: checking how to print strings
configure:4966: result: printf
configure:4987: checking for a sed that does not truncate output
configure:5051: result: /usr/bin/sed
configure:5069: checking for grep that handles long lines and -e
configure:5127: result: /usr/bin/grep
configure:5132: checking for egrep
configure:5194: result: /usr/bin/grep -E
configure:5199: checking for fgrep
configure:5261: result: /usr/bin/grep -F
configure:5296: checking for ld used by gcc
configure:5363: result: /usr/bin/ld
configure:5370: checking if the linker (/usr/bin/ld) is GNU ld
configure:5385: result: yes
configure:5397: checking for BSD- or MS-compatible name lister (nm)
configure:5446: result: /usr/bin/nm -B
configure:5576: checking the name lister (/usr/bin/nm -B) interface
configure:5583: gcc -c -g -O2 -I/usr/include conftest.c >&5
configure:5586: /usr/bin/nm -B "conftest.o"
configure:5589: output
0000000000000000 B some_variable
configure:5590: result: BSD nm
configure:5593: checking whether ln -s works
configure:5597: result: yes
configure:5605: checking the maximum length of command line arguments
configure:5735: result: 1572864
configure:5752: checking whether the shell understands some XSI constructs
configure:5761: result: yes
configure:5765: checking whether the shell understands "+="
configure:5769: result: yes
configure:5804: checking how to convert x86_64-unknown-linux-gnu file names to x86_64-unknown-linux-gnu format
configure:5844: result: func_convert_file_noop
configure:5851: checking how to convert x86_64-unknown-linux-gnu file names to toolchain format
configure:5871: result: func_convert_file_noop
configure:5878: checking for /usr/bin/ld option to reload object files
configure:5885: result: -r
configure:5959: checking for objdump
configure:5975: found /usr/bin/objdump
configure:5986: result: objdump
configure:6015: checking how to recognize dependent libraries
configure:6217: result: pass_all
configure:6302: checking for dlltool
configure:6332: result: no
configure:6359: checking how to associate runtime and link libraries
configure:6386: result: printf %s\n
configure:6447: checking for ar
configure:6463: found /usr/bin/ar
configure:6474: result: ar
configure:6511: checking for archiver @FILE support
configure:6528: gcc -c -g -O2 -I/usr/include conftest.c >&5
configure:6528: $? = 0
configure:6531: ar cru libconftest.a @conftest.lst >&5
ar: `u' modifier ignored since `D' is the default (see `U')
configure:6534: $? = 0
configure:6539: ar cru libconftest.a @conftest.lst >&5
ar: `u' modifier ignored since `D' is the default (see `U')
ar: conftest.o: No such file or directory
configure:6542: $? = 1
configure:6541: result: @
configure:6599: checking for strip
configure:6615: found /usr/bin/strip
configure:6626: result: strip
configure:6698: checking for ranlib
configure:6714: found /usr/bin/ranlib
configure:6725: result: ranlib
configure:6827: checking command to parse /usr/bin/nm -B output from gcc object
configure:6947: gcc -c -g -O2 -I/usr/include conftest.c >&5
configure:6950: $? = 0
configure:6954: /usr/bin/nm -B conftest.o \| sed -n -e 's/^.*[ ]\([ABCDGIRSTW][ABCDGIRSTW]*\)[ ][ ]*\([_A-Za-z][_A-Za-z0-9]*\)$/\1 \2 \2/p' | sed '/ __gnu_lto/d' \> conftest.nm
configure:6957: $? = 0
configure:7023: gcc -o conftest -g -O2 -I/usr/include -L/usr/lib64:/usr/lib conftest.c conftstm.o >&5
configure:7026: $? = 0
configure:7064: result: ok
configure:7101: checking for sysroot
configure:7131: result: no
configure:7208: gcc -c -g -O2 -I/usr/include conftest.c >&5
configure:7211: $? = 0
configure:7387: checking for mt
configure:7403: found /usr/bin/mt
configure:7414: result: mt
configure:7437: checking if mt is a manifest tool
configure:7443: mt '-?'
configure:7451: result: no
configure:8093: checking how to run the C preprocessor
configure:8124: gcc -E -I/usr/include conftest.c
configure:8124: $? = 0
configure:8138: gcc -E -I/usr/include conftest.c
conftest.c:9:10: fatal error: ac_nonexistent.h: No such file or directory
    9 | #include <ac_nonexistent.h>
      |          ^~~~~~~~~~~~~~~~~~
compilation terminated.
configure:8138: $? = 1
configure: failed program was:
| /* confdefs.h */
| #define PACKAGE_NAME "gdk-pixbuf"
| #define PACKAGE_TARNAME "gdk-pixbuf"
| #define PACKAGE_VERSION "2.28.2"
| #define PACKAGE_STRING "gdk-pixbuf 2.28.2"
| #define PACKAGE_BUGREPORT "http://bugzilla.gnome.org/enter_bug.cgi?product=gdk-pixbuf"
| #define PACKAGE_URL ""
| /* end confdefs.h.  */
| #include <ac_nonexistent.h>
configure:8163: result: gcc -E
configure:8183: gcc -E -I/usr/include conftest.c
configure:8183: $? = 0
configure:8197: gcc -E -I/usr/include conftest.c
conftest.c:9:10: fatal error: ac_nonexistent.h: No such file or directory
    9 | #include <ac_nonexistent.h>
      |          ^~~~~~~~~~~~~~~~~~
compilation terminated.
configure:8197: $? = 1
configure: failed program was:
| /* confdefs.h */
| #define PACKAGE_NAME "gdk-pixbuf"
| #define PACKAGE_TARNAME "gdk-pixbuf"
| #define PACKAGE_VERSION "2.28.2"
| #define PACKAGE_STRING "gdk-pixbuf 2.28.2"
| #define PACKAGE_BUGREPORT "http://bugzilla.gnome.org/enter_bug.cgi?product=gdk-pixbuf"
| #define PACKAGE_URL ""
| /* end confdefs.h.  */
| #include <ac_nonexistent.h>
configure:8226: checking for ANSI C header files
configure:8246: gcc -c -g -O2 -I/usr/include conftest.c >&5
configure:8246: $? = 0
configure:8319: gcc -o conftest -g -O2 -I/usr/include -L/usr/lib64:/usr/lib conftest.c  >&5
configure:8319: $? = 0
configure:8319: ./conftest
configure:8319: $? = 0
configure:8330: result: yes
configure:8343: checking for sys/types.h
configure:8343: gcc -c -g -O2 -I/usr/include conftest.c >&5
configure:8343: $? = 0
configure:8343: result: yes
configure:8343: checking for sys/stat.h
configure:8343: gcc -c -g -O2 -I/usr/include conftest.c >&5
configure:8343: $? = 0
configure:8343: result: yes
configure:8343: checking for stdlib.h
configure:8343: gcc -c -g -O2 -I/usr/include conftest.c >&5
configure:8343: $? = 0
configure:8343: result: yes
configure:8343: checking for string.h
configure:8343: gcc -c -g -O2 -I/usr/include conftest.c >&5
configure:8343: $? = 0
configure:8343: result: yes
configure:8343: checking for memory.h
configure:8343: gcc -c -g -O2 -I/usr/include conftest.c >&5
configure:8343: $? = 0
configure:8343: result: yes
configure:8343: checking for strings.h
configure:8343: gcc -c -g -O2 -I/usr/include conftest.c >&5
configure:8343: $? = 0
configure:8343: result: yes
configure:8343: checking for inttypes.h
configure:8343: gcc -c -g -O2 -I/usr/include conftest.c >&5
configure:8343: $? = 0
configure:8343: result: yes
configure:8343: checking for stdint.h
configure:8343: gcc -c -g -O2 -I/usr/include conftest.c >&5
configure:8343: $? = 0
configure:8343: result: yes
configure:8343: checking for unistd.h
configure:8343: gcc -c -g -O2 -I/usr/include conftest.c >&5
configure:8343: $? = 0
configure:8343: result: yes
configure:8357: checking for dlfcn.h
configure:8357: gcc -c -g -O2 -I/usr/include conftest.c >&5
configure:8357: $? = 0
configure:8357: result: yes
configure:8860: checking for objdir
configure:8875: result: .libs
configure:9146: checking if gcc supports -fno-rtti -fno-exceptions
configure:9164: gcc -c -g -O2 -I/usr/include -fno-rtti -fno-exceptions conftest.c >&5
cc1: warning: command line option '-fno-rtti' is valid for C++/D/ObjC++ but not for C
configure:9168: $? = 0
configure:9181: result: no
configure:9508: checking for gcc option to produce PIC
configure:9515: result: -fPIC -DPIC
configure:9523: checking if gcc PIC flag -fPIC -DPIC works
configure:9541: gcc -c -g -O2 -I/usr/include -fPIC -DPIC -DPIC conftest.c >&5
configure:9545: $? = 0
configure:9558: result: yes
configure:9587: checking if gcc static flag -static works
configure:9615: result: yes
configure:9630: checking if gcc supports -c -o file.o
configure:9651: gcc -c -g -O2 -I/usr/include -o out/conftest2.o conftest.c >&5
configure:9655: $? = 0
configure:9677: result: yes
configure:9685: checking if gcc supports -c -o file.o
configure:9732: result: yes
configure:9765: checking whether the gcc linker (/usr/bin/ld -m elf_x86_64) supports shared libraries
configure:10918: result: yes
configure:10955: checking whether -lc should be explicitly linked in
configure:10963: gcc -c -g -O2 -I/usr/include conftest.c >&5
configure:10966: $? = 0
configure:10981: gcc -shared  -fPIC -DPIC conftest.o  -v -Wl,-soname -Wl,conftest -o conftest 2\>\&1 \| /usr/bin/grep  -lc  \>/dev/null 2\>\&1
configure:10984: $? = 0
configure:10998: result: no
configure:11158: checking dynamic linker characteristics
configure:11669: gcc -o conftest -g -O2 -I/usr/include -L/usr/lib64:/usr/lib -Wl,-rpath -Wl,/foo conftest.c  >&5
configure:11669: $? = 0
configure:11895: result: GNU/Linux ld.so
configure:12002: checking how to hardcode library paths into programs
configure:12027: result: immediate
configure:12567: checking whether stripping libraries is possible
configure:12572: result: yes
configure:12607: checking if libtool supports shared libraries
configure:12609: result: yes
configure:12612: checking whether to build shared libraries
configure:12633: result: yes
configure:12636: checking whether to build static libraries
configure:12640: result: no
configure:9685: creating ./config.lt

## ------------------ ##
## Running config.lt. ##
## ------------------ ##
config.lt:622: creating libtool
configure:11066: checking for special C compiler options needed for large files
configure:11111: result: no
configure:11117: checking for _FILE_OFFSET_BITS value needed for large files
configure:11142: gcc -c -g -O2 -I/usr/include conftest.c >&5
configure:11142: $? = 0
configure:11174: result: no
configure:11269: checking dependency style of gcc
configure:11378: result: gcc3
configure:11494: checking for some Win32 platform
configure:11503: result: no
configure:11716: checking whether build environment is sane
configure:11771: result: yes
configure:11850: checking for BASE_DEPENDENCIES
configure:11857: $PKG_CONFIG --exists --print-errors "glib-2.0 >= 2.34.0"
configure:11860: $? = 0
configure:11874: $PKG_CONFIG --exists --print-errors "glib-2.0 >= 2.34.0"
configure:11877: $? = 0
configure:11935: result: yes
configure:11959: checking Whether to write dependencies into .pc files
configure:11976: result: no
configure:11995: checking for perl5
configure:12028: result: no
configure:11995: checking for perl
configure:12013: found /usr/bin/perl
configure:12025: result: /usr/bin/perl
configure:12046: checking for sigsetjmp
configure:12062: gcc -o conftest -g -O2 -Wall -I/usr/include -DG_DISABLE_SINGLE_INCLUDES -L/usr/lib64:/usr/lib conftest.c  >&5
configure:12062: $? = 0
configure:12069: result: yes
configure:12087: checking whether NLS is requested
configure:12096: result: yes
configure:12137: checking for msgfmt
configure:12172: result: no
configure:12178: checking for gmsgfmt
configure:12209: result: :
configure:12260: checking for xgettext
configure:12295: result: no
configure:12338: checking for msgmerge
configure:12372: result: no
configure:12426: checking for ld used by GCC
configure:12490: result: /usr/bin/ld -m elf_x86_64
configure:12497: checking if the linker (/usr/bin/ld -m elf_x86_64) is GNU ld
configure:12510: result: yes
configure:12517: checking for shared library run path origin
configure:12530: result: done
configure:13031: checking for CFPreferencesCopyAppValue
configure:13049: gcc -o conftest -g -O2 -Wall -I/usr/include -DG_DISABLE_SINGLE_INCLUDES -L/usr/lib64:/usr/lib conftest.c  -Wl,-framework -Wl,CoreFoundation >&5
conftest.c:22:10: fatal error: CoreFoundation/CFPreferences.h: No such file or directory
   22 | #include <CoreFoundation/CFPreferences.h>
      |          ^~~~~~~~~~~~~~~~~~~~~~~~~~~~~~~~
compilation terminated.
configure:13049: $? = 1
configure: failed program was:
| /* confdefs.h */
| #define PACKAGE_NAME "gdk-pixbuf"
| #define PACKAGE_TARNAME "gdk-pixbuf"
| #define PACKAGE_VERSION "2.28.2"
| #define PACKAGE_STRING "gdk-pixbuf 2.28.2"
| #define PACKAGE_BUGREPORT "http://bugzilla.gnome.org/enter_bug.cgi?product=gdk-pixbuf"
| #define PACKAGE_URL ""
| #define STDC_HEADERS 1
| #define HAVE_SYS_TYPES_H 1
| #define HAVE_SYS_STAT_H 1
| #define HAVE_STDLIB_H 1
| #define HAVE_STRING_H 1
| #define HAVE_MEMORY_H 1
| #define HAVE_STRINGS_H 1
| #define HAVE_INTTYPES_H 1
| #define HAVE_STDINT_H 1
| #define HAVE_UNISTD_H 1
| #define HAVE_DLFCN_H 1
| #define LT_OBJDIR ".libs/"
| #define HAVE_SIGSETJMP 1
| /* end confdefs.h.  */
| #include <CoreFoundation/CFPreferences.h>
| int
| main ()
| {
| CFPreferencesCopyAppValue(NULL, NULL)
|   ;
|   return 0;
| }
configure:13058: result: no
configure:13065: checking for CFLocaleCopyCurrent
configure:13083: gcc -o conftest -g -O2 -Wall -I/usr/include -DG_DISABLE_SINGLE_INCLUDES -L/usr/lib64:/usr/lib conftest.c  -Wl,-framework -Wl,CoreFoundation >&5
conftest.c:22:10: fatal error: CoreFoundation/CFLocale.h: No such file or directory
   22 | #include <CoreFoundation/CFLocale.h>
      |          ^~~~~~~~~~~~~~~~~~~~~~~~~~~
compilation terminated.
configure:13083: $? = 1
configure: failed program was:
| /* confdefs.h */
| #define PACKAGE_NAME "gdk-pixbuf"
| #define PACKAGE_TARNAME "gdk-pixbuf"
| #define PACKAGE_VERSION "2.28.2"
| #define PACKAGE_STRING "gdk-pixbuf 2.28.2"
| #define PACKAGE_BUGREPORT "http://bugzilla.gnome.org/enter_bug.cgi?product=gdk-pixbuf"
| #define PACKAGE_URL ""
| #define STDC_HEADERS 1
| #define HAVE_SYS_TYPES_H 1
| #define HAVE_SYS_STAT_H 1
| #define HAVE_STDLIB_H 1
| #define HAVE_STRING_H 1
| #define HAVE_MEMORY_H 1
| #define HAVE_STRINGS_H 1
| #define HAVE_INTTYPES_H 1
| #define HAVE_STDINT_H 1
| #define HAVE_UNISTD_H 1
| #define HAVE_DLFCN_H 1
| #define LT_OBJDIR ".libs/"
| #define HAVE_SIGSETJMP 1
| /* end confdefs.h.  */
| #include <CoreFoundation/CFLocale.h>
| int
| main ()
| {
| CFLocaleCopyCurrent();
|   ;
|   return 0;
| }
configure:13092: result: no
configure:13141: checking for GNU gettext in libc
configure:13161: gcc -o conftest -g -O2 -Wall -I/usr/include -DG_DISABLE_SINGLE_INCLUDES -L/usr/lib64:/usr/lib conftest.c  >&5
configure:13161: $? = 0
configure:13170: result: yes
configure:13916: checking whether to use NLS
configure:13918: result: yes
configure:13921: checking where the gettext function comes from
configure:13932: result: libc
configure:13998: checking for extra flags to get ANSI library prototypes
configure:14013: gcc -o conftest -g -O2 -Wall -I/usr/include -DG_DISABLE_SINGLE_INCLUDES -L/usr/lib64:/usr/lib conftest.c  -lm >&5
configure:14013: $? = 0
configure:14013: ./conftest
configure:14013: $? = 0
configure:14014: result: none needed
configure:14049: checking for the BeOS
configure:14058: result: no
configure:14067: checking for HP-UX
configure:14076: result: no
configure:14081: checking for extra flags for POSIX compliance
configure:14094: gcc -c -g -O2 -Wall -I/usr/include -DG_DISABLE_SINGLE_INCLUDES conftest.c >&5
conftest.c: In function 'main':
conftest.c:30:6: warning: unused variable 'dir' [-Wunused-variable]
   30 | DIR *dir;
      |      ^~~
configure:14094: $? = 0
configure:14095: result: none needed
configure:14215: checking for pkg-config
configure:14245: result: /usr/bin/pkg-config
configure:14270: checking pkg-config is at least version 0.16
configure:14273: result: yes
configure:14290: checking for GLIB - version >= 2.34.0
configure:14405: gcc -o conftest -g -O2 -Wall -pthread -I/usr/include/glib-2.0 -I/usr/lib/x86_64-linux-gnu/glib-2.0/include -I/usr/include -DG_DISABLE_SINGLE_INCLUDES -L/usr/lib64:/usr/lib conftest.c -lgobject-2.0 -lgmodule-2.0 -pthread -lgthread-2.0 -pthread -lglib-2.0  >&5
configure:14405: $? = 0
configure:14405: ./conftest
configure:14405: $? = 0
configure:14419: result: yes (version 2.64.6)
configure:14494: checking for bind_textdomain_codeset
configure:14494: gcc -o conftest -g -O2 -Wall -I/usr/include -DG_DISABLE_SINGLE_INCLUDES -L/usr/lib64:/usr/lib conftest.c  -lgobject-2.0 -lgmodule-2.0 -pthread -lgthread-2.0 -pthread -lglib-2.0 >&5
configure:14494: $? = 0
configure:14494: result: yes
configure:14507: checking for unistd.h
configure:14507: result: yes
configure:14525: checking for ANSI C header files
configure:14629: result: yes
configure:14639: checking for an ANSI C-conforming const
configure:14705: gcc -c -g -O2 -Wall -I/usr/include -DG_DISABLE_SINGLE_INCLUDES conftest.c >&5
configure:14705: $? = 0
configure:14712: result: yes
configure:14738: checking whether to build gmodulized gdk-pixbuf
configure:14753: result: yes
configure:14755: checking whether dynamic modules work
configure:14779: result: yes
configure:14991: checking for jpeg_destroy_decompress in -ljpeg
configure:15016: gcc -o conftest -g -O2 -Wall -I/usr/include -DG_DISABLE_SINGLE_INCLUDES -L/usr/lib64:/usr/lib conftest.c -ljpeg   >&5
/usr/bin/ld: cannot find -ljpeg
collect2: error: ld returned 1 exit status
configure:15016: $? = 1
configure: failed program was:
| /* confdefs.h */
| #define PACKAGE_NAME "gdk-pixbuf"
| #define PACKAGE_TARNAME "gdk-pixbuf"
| #define PACKAGE_VERSION "2.28.2"
| #define PACKAGE_STRING "gdk-pixbuf 2.28.2"
| #define PACKAGE_BUGREPORT "http://bugzilla.gnome.org/enter_bug.cgi?product=gdk-pixbuf"
| #define PACKAGE_URL ""
| #define STDC_HEADERS 1
| #define HAVE_SYS_TYPES_H 1
| #define HAVE_SYS_STAT_H 1
| #define HAVE_STDLIB_H 1
| #define HAVE_STRING_H 1
| #define HAVE_MEMORY_H 1
| #define HAVE_STRINGS_H 1
| #define HAVE_INTTYPES_H 1
| #define HAVE_STDINT_H 1
| #define HAVE_UNISTD_H 1
| #define HAVE_DLFCN_H 1
| #define LT_OBJDIR ".libs/"
| #define HAVE_SIGSETJMP 1
| #define ENABLE_NLS 1
| #define HAVE_GETTEXT 1
| #define HAVE_DCGETTEXT 1
| #define GETTEXT_PACKAGE "gdk-pixbuf"
| #define HAVE_BIND_TEXTDOMAIN_CODESET 1
| #define HAVE_UNISTD_H 1
| #define HAVE_UNISTD_H 1
| #define STDC_HEADERS 1
| #define USE_GMODULE 1
| /* end confdefs.h.  */
| 
| /* Override any GCC internal prototype to avoid an error.
|    Use char because int might match the return type of a GCC
|    builtin and then its argument prototype would still apply.  */
| #ifdef __cplusplus
| extern "C"
| #endif
| char jpeg_destroy_decompress ();
| int
| main ()
| {
| return jpeg_destroy_decompress ();
|   ;
|   return 0;
| }
configure:15025: result: no
configure:15031: WARNING: *** JPEG loader will not be built (JPEG library not found) ***
configure:15109: error: 
*** Checks for JPEG loader failed. You can build without it by passing
*** --without-libjpeg to configure but some programs using GTK+ may
*** not work properly

## ---------------- ##
## Cache variables. ##
## ---------------- ##

ac_cv_build=x86_64-unknown-linux-gnu
ac_cv_c_compiler_gnu=yes
ac_cv_c_const=yes
ac_cv_env_BASE_DEPENDENCIES_CFLAGS_set=
ac_cv_env_BASE_DEPENDENCIES_CFLAGS_value=
ac_cv_env_BASE_DEPENDENCIES_LIBS_set=
ac_cv_env_BASE_DEPENDENCIES_LIBS_value=
ac_cv_env_CCASFLAGS_set=
ac_cv_env_CCASFLAGS_value=
ac_cv_env_CCAS_set=
ac_cv_env_CCAS_value=
ac_cv_env_CC_set=
ac_cv_env_CC_value=
ac_cv_env_CFLAGS_set=
ac_cv_env_CFLAGS_value=
ac_cv_env_CPPFLAGS_set=set
ac_cv_env_CPPFLAGS_value=-I/usr/include
ac_cv_env_CPP_set=
ac_cv_env_CPP_value=
ac_cv_env_GDK_PIXBUF_XLIB_DEP_CFLAGS_set=
ac_cv_env_GDK_PIXBUF_XLIB_DEP_CFLAGS_value=
ac_cv_env_GDK_PIXBUF_XLIB_DEP_LIBS_set=
ac_cv_env_GDK_PIXBUF_XLIB_DEP_LIBS_value=
ac_cv_env_GTKDOC_DEPS_CFLAGS_set=
ac_cv_env_GTKDOC_DEPS_CFLAGS_value=
ac_cv_env_GTKDOC_DEPS_LIBS_set=
ac_cv_env_GTKDOC_DEPS_LIBS_value=
ac_cv_env_LDFLAGS_set=set
ac_cv_env_LDFLAGS_value=-L/usr/lib64:/usr/lib
ac_cv_env_LIBS_set=
ac_cv_env_LIBS_value=
ac_cv_env_PKG_CONFIG_LIBDIR_set=
ac_cv_env_PKG_CONFIG_LIBDIR_value=
ac_cv_env_PKG_CONFIG_PATH_set=set
ac_cv_env_PKG_CONFIG_PATH_value=/usr/lib64/pkgconfig:/usr/lib/pkgconfig
ac_cv_env_PKG_CONFIG_set=
ac_cv_env_PKG_CONFIG_value=
ac_cv_env_build_alias_set=
ac_cv_env_build_alias_value=
ac_cv_env_host_alias_set=
ac_cv_env_host_alias_value=
ac_cv_env_target_alias_set=
ac_cv_env_target_alias_value=
ac_cv_func_bind_textdomain_codeset=yes
ac_cv_header_dlfcn_h=yes
ac_cv_header_inttypes_h=yes
ac_cv_header_memory_h=yes
ac_cv_header_stdc=yes
ac_cv_header_stdint_h=yes
ac_cv_header_stdlib_h=yes
ac_cv_header_string_h=yes
ac_cv_header_strings_h=yes
ac_cv_header_sys_stat_h=yes
ac_cv_header_sys_types_h=yes
ac_cv_header_unistd_h=yes
ac_cv_host=x86_64-unknown-linux-gnu
ac_cv_lib_jpeg_jpeg_destroy_decompress=no
ac_cv_objext=o
ac_cv_path_EGREP='/usr/bin/grep -E'
ac_cv_path_FGREP='/usr/bin/grep -F'
ac_cv_path_GMSGFMT=:
ac_cv_path_GREP=/usr/bin/grep
ac_cv_path_MSGFMT=:
ac_cv_path_MSGMERGE=:
ac_cv_path_PERL=/usr/bin/perl
ac_cv_path_SED=/usr/bin/sed
ac_cv_path_XGETTEXT=:
ac_cv_path_ac_pt_PKG_CONFIG=/usr/bin/pkg-config
ac_cv_path_install='/usr/bin/install -c'
ac_cv_path_mkdir=/usr/bin/mkdir
ac_cv_prog_AWK=mawk
ac_cv_prog_CPP='gcc -E'
ac_cv_prog_ac_ct_AR=ar
ac_cv_prog_ac_ct_CC=gcc
ac_cv_prog_ac_ct_MANIFEST_TOOL=mt
ac_cv_prog_ac_ct_OBJDUMP=objdump
ac_cv_prog_ac_ct_RANLIB=ranlib
ac_cv_prog_ac_ct_STRIP=strip
ac_cv_prog_cc_c89=
ac_cv_prog_cc_c99=
ac_cv_prog_cc_g=yes
ac_cv_prog_cc_gcc_c_o=yes
ac_cv_prog_cc_stdc=
ac_cv_prog_make_make_set=yes
ac_cv_sys_file_offset_bits=no
ac_cv_sys_largefile_CC=no
acl_cv_hardcode_direct=no
acl_cv_hardcode_libdir_flag_spec='${wl}-rpath ${wl}$libdir'
acl_cv_hardcode_libdir_separator=
acl_cv_hardcode_minus_L=no
acl_cv_libext=a
acl_cv_libname_spec='lib$name'
acl_cv_library_names_spec='$libname$shrext'
acl_cv_path_LD='/usr/bin/ld -m elf_x86_64'
acl_cv_prog_gnu_ld=yes
acl_cv_rpath=done
acl_cv_shlibext=so
acl_cv_wl=-Wl,
am_cv_CCAS_dependencies_compiler_type=gcc3
am_cv_CC_dependencies_compiler_type=gcc3
am_cv_make_support_nested_variables=yes
am_cv_prog_tar_ustar=gnutar
gt_cv_func_CFLocaleCopyCurrent=no
gt_cv_func_CFPreferencesCopyAppValue=no
gt_cv_func_gnugettext1_libc=yes
lt_cv_ar_at_file=@
lt_cv_archive_cmds_need_lc=no
lt_cv_deplibs_check_method=pass_all
lt_cv_file_magic_cmd='$MAGIC_CMD'
lt_cv_file_magic_test_file=
lt_cv_ld_reload_flag=-r
lt_cv_nm_interface='BSD nm'
lt_cv_objdir=.libs
lt_cv_path_LD=/usr/bin/ld
lt_cv_path_NM='/usr/bin/nm -B'
lt_cv_path_mainfest_tool=no
lt_cv_prog_compiler_c_o=yes
lt_cv_prog_compiler_pic='-fPIC -DPIC'
lt_cv_prog_compiler_pic_works=yes
lt_cv_prog_compiler_rtti_exceptions=no
lt_cv_prog_compiler_static_works=yes
lt_cv_prog_gnu_ld=yes
lt_cv_sharedlib_from_linklib_cmd='printf %s\n'
lt_cv_shlibpath_overrides_runpath=yes
lt_cv_sys_global_symbol_pipe='sed -n -e '\''s/^.*[	 ]\([ABCDGIRSTW][ABCDGIRSTW]*\)[	 ][	 ]*\([_A-Za-z][_A-Za-z0-9]*\)$/\1 \2 \2/p'\'' | sed '\''/ __gnu_lto/d'\'''
lt_cv_sys_global_symbol_to_c_name_address='sed -n -e '\''s/^: \([^ ]*\)[ ]*$/  {\"\1\", (void *) 0},/p'\'' -e '\''s/^[ABCDGIRSTW]* \([^ ]*\) \([^ ]*\)$/  {"\2", (void *) \&\2},/p'\'''
lt_cv_sys_global_symbol_to_c_name_address_lib_prefix='sed -n -e '\''s/^: \([^ ]*\)[ ]*$/  {\"\1\", (void *) 0},/p'\'' -e '\''s/^[ABCDGIRSTW]* \([^ ]*\) \(lib[^ ]*\)$/  {"\2", (void *) \&\2},/p'\'' -e '\''s/^[ABCDGIRSTW]* \([^ ]*\) \([^ ]*\)$/  {"lib\2", (void *) \&\2},/p'\'''
lt_cv_sys_global_symbol_to_cdecl='sed -n -e '\''s/^T .* \(.*\)$/extern int \1();/p'\'' -e '\''s/^[ABCDGIRSTW]* .* \(.*\)$/extern char \1;/p'\'''
lt_cv_sys_max_cmd_len=1572864
lt_cv_to_host_file_cmd=func_convert_file_noop
lt_cv_to_tool_file_cmd=func_convert_file_noop
pkg_cv_BASE_DEPENDENCIES_CFLAGS='-I/usr/include/glib-2.0 -I/usr/lib/x86_64-linux-gnu/glib-2.0/include'
pkg_cv_BASE_DEPENDENCIES_LIBS=-lglib-2.0

## ----------------- ##
## Output variables. ##
## ----------------- ##

ACLOCAL='${SHELL} /home/mianta/Projet-S4/projet-s4/src/cairo-1.12.14/gdk-pixbuf-2.28.2/missing aclocal-1.13'
AMDEPBACKSLASH='\'
AMDEP_FALSE='#'
AMDEP_TRUE=''
AMTAR='$${TAR-tar}'
AM_BACKSLASH='\'
AM_DEFAULT_V='$(AM_DEFAULT_VERBOSITY)'
AM_DEFAULT_VERBOSITY='0'
AM_V='$(V)'
AR='ar'
AS='as'
AUTOCONF='${SHELL} /home/mianta/Projet-S4/projet-s4/src/cairo-1.12.14/gdk-pixbuf-2.28.2/missing autoconf'
AUTOHEADER='${SHELL} /home/mianta/Projet-S4/projet-s4/src/cairo-1.12.14/gdk-pixbuf-2.28.2/missing autoheader'
AUTOMAKE='${SHELL} /home/mianta/Projet-S4/projet-s4/src/cairo-1.12.14/gdk-pixbuf-2.28.2/missing automake-1.13'
AWK='mawk'
BASE_DEPENDENCIES_CFLAGS='-I/usr/include/glib-2.0 -I/usr/lib/x86_64-linux-gnu/glib-2.0/include'
BASE_DEPENDENCIES_LIBS='-lglib-2.0'
BUILD_DYNAMIC_MODULES_FALSE=''
BUILD_DYNAMIC_MODULES_TRUE=''
BUILD_GDIPLUS_LOADERS_FALSE=''
BUILD_GDIPLUS_LOADERS_TRUE='#'
CC='gcc'
CCAS='gcc'
CCASDEPMODE='depmode=gcc3'
CCASFLAGS='-g -O2'
CCDEPMODE='depmode=gcc3'
CFLAGS='-g -O2 -Wall'
CPP='gcc -E'
CPPFLAGS='-I/usr/include -DG_DISABLE_SINGLE_INCLUDES'
CROSS_COMPILING_FALSE=''
CROSS_COMPILING_TRUE=''
CYGPATH_W='echo'
DB2HTML=''
DEFS=''
DEPDIR='.deps'
DISABLE_EXPLICIT_DEPS_FALSE='#'
DISABLE_EXPLICIT_DEPS_TRUE=''
DLLTOOL='false'
DSYMUTIL=''
DUMPBIN=''
ECHO_C=''
ECHO_N='-n'
ECHO_T=''
EGREP='/usr/bin/grep -E'
ENABLE_GTK_DOC_FALSE=''
ENABLE_GTK_DOC_TRUE=''
ENABLE_MAN_FALSE=''
ENABLE_MAN_TRUE=''
EXEEXT=''
EXE_MANIFEST_ARCHITECTURE='X86'
FGREP='/usr/bin/grep -F'
GDK_PIXBUF_API_VERSION='2.0'
GDK_PIXBUF_BINARY_VERSION='2.10.0'
GDK_PIXBUF_CSOURCE=''
GDK_PIXBUF_DEP_CFLAGS=''
GDK_PIXBUF_DEP_LIBS=''
GDK_PIXBUF_EXTRA_CFLAGS=''
GDK_PIXBUF_EXTRA_LIBS=''
GDK_PIXBUF_LINK_FLAGS=''
GDK_PIXBUF_MAJOR='2'
GDK_PIXBUF_MICRO='2'
GDK_PIXBUF_MINOR='28'
GDK_PIXBUF_PACKAGES=''
GDK_PIXBUF_VERSION='2.28.2'
GDK_PIXBUF_XLIB_DEP_CFLAGS=''
GDK_PIXBUF_XLIB_DEP_LIBS=''
GETTEXT_MACRO_VERSION='0.17'
GETTEXT_PACKAGE='gdk-pixbuf'
GLIB_CFLAGS='-pthread -I/usr/include/glib-2.0 -I/usr/lib/x86_64-linux-gnu/glib-2.0/include'
GLIB_COMPILE_RESOURCES='/usr/bin/glib-compile-resources'
GLIB_GENMARSHAL='/usr/bin/glib-genmarshal'
GLIB_LIBS='-lgobject-2.0 -lgmodule-2.0 -pthread -lgthread-2.0 -pthread -lglib-2.0'
GLIB_MKENUMS='/usr/bin/glib-mkenums'
GMSGFMT=':'
GMSGFMT_015=':'
GOBJECT_QUERY='/usr/bin/gobject-query'
GREP='/usr/bin/grep'
GTKDOC_CHECK=''
GTKDOC_DEPS_CFLAGS=''
GTKDOC_DEPS_LIBS=''
GTKDOC_MKPDF=''
GTKDOC_REBASE=''
GTK_DOC_BUILD_HTML_FALSE=''
GTK_DOC_BUILD_HTML_TRUE=''
GTK_DOC_BUILD_PDF_FALSE=''
GTK_DOC_BUILD_PDF_TRUE=''
GTK_DOC_USE_LIBTOOL_FALSE=''
GTK_DOC_USE_LIBTOOL_TRUE=''
GTK_DOC_USE_REBASE_FALSE=''
GTK_DOC_USE_REBASE_TRUE=''
GTK_UPDATE_ICON_CACHE=''
HAVE_DOCBOOK_FALSE=''
HAVE_DOCBOOK_TRUE=''
HAVE_INTROSPECTION_FALSE=''
HAVE_INTROSPECTION_TRUE=''
HAVE_JASPER_FALSE=''
HAVE_JASPER_TRUE=''
HAVE_JPEG_FALSE=''
HAVE_JPEG_TRUE=''
HAVE_PNG_FALSE=''
HAVE_PNG_TRUE=''
HAVE_TIFF_FALSE=''
HAVE_TIFF_TRUE=''
HTML_DIR=''
INCLUDED_LOADER_DEFINE=''
INCLUDED_LOADER_OBJ=''
INCLUDE_ANI_FALSE=''
INCLUDE_ANI_TRUE=''
INCLUDE_BMP_FALSE=''
INCLUDE_BMP_TRUE=''
INCLUDE_GDIPLUS_FALSE=''
INCLUDE_GDIPLUS_TRUE=''
INCLUDE_GIF_FALSE=''
INCLUDE_GIF_TRUE=''
INCLUDE_ICNS_FALSE=''
INCLUDE_ICNS_TRUE=''
INCLUDE_ICO_FALSE=''
INCLUDE_ICO_TRUE=''
INCLUDE_JASPER_FALSE=''
INCLUDE_JASPER_TRUE=''
INCLUDE_JPEG_FALSE=''
INCLUDE_JPEG_TRUE=''
INCLUDE_PCX_FALSE=''
INCLUDE_PCX_TRUE=''
INCLUDE_PNG_FALSE=''
INCLUDE_PNG_TRUE=''
INCLUDE_PNM_FALSE=''
INCLUDE_PNM_TRUE=''
INCLUDE_QTIF_FALSE=''
INCLUDE_QTIF_TRUE=''
INCLUDE_RAS_FALSE=''
INCLUDE_RAS_TRUE=''
INCLUDE_TGA_FALSE=''
INCLUDE_TGA_TRUE=''
INCLUDE_TIFF_FALSE=''
INCLUDE_TIFF_TRUE=''
INCLUDE_WBMP_FALSE=''
INCLUDE_WBMP_TRUE=''
INCLUDE_XBM_FALSE=''
INCLUDE_XBM_TRUE=''
INCLUDE_XPM_FALSE=''
INCLUDE_XPM_TRUE=''
INSTALL_DATA='${INSTALL} -m 644'
INSTALL_PROGRAM='${INSTALL}'
INSTALL_SCRIPT='${INSTALL}'
INSTALL_STRIP_PROGRAM='$(install_sh) -c -s'
INTLLIBS=''
INTL_MACOSX_LIBS=''
INTROSPECTION_CFLAGS=''
INTROSPECTION_COMPILER=''
INTROSPECTION_GENERATE=''
INTROSPECTION_GIRDIR=''
INTROSPECTION_LIBS=''
INTROSPECTION_MAKEFILE=''
INTROSPECTION_SCANNER=''
INTROSPECTION_TYPELIBDIR=''
LD='/usr/bin/ld -m elf_x86_64'
LDFLAGS='-L/usr/lib64:/usr/lib'
LIBICONV='-liconv'
LIBINTL=''
LIBJASPER=''
LIBJPEG=''
LIBOBJS=''
LIBPNG=''
LIBS=''
LIBTIFF=''
LIBTOOL='$(SHELL) $(top_builddir)/libtool'
LIBTOOL_EXPORT_OPTIONS='-export-symbols-regex "^[^_].*"'
LIB_EXE_MACHINE_FLAG='X86'
LIPO=''
LN_S='ln -s'
LTLIBICONV='-liconv'
LTLIBINTL=''
LTLIBOBJS=''
LT_CURRENT_MINUS_AGE='0'
LT_VERSION_INFO='2800:2:2800'
MAINT=''
MAINTAINER_MODE_FALSE='#'
MAINTAINER_MODE_TRUE=''
MAKEINFO='${SHELL} /home/mianta/Projet-S4/projet-s4/src/cairo-1.12.14/gdk-pixbuf-2.28.2/missing makeinfo'
MANIFEST_TOOL=':'
MATH_LIB='-lm'
MKDIR_P='/usr/bin/mkdir -p'
MSGFMT=':'
MSGFMT_015=':'
MSGMERGE=':'
MS_LIB_AVAILABLE_FALSE=''
MS_LIB_AVAILABLE_TRUE='#'
NM='/usr/bin/nm -B'
NMEDIT=''
OBJDUMP='objdump'
OBJEXT='o'
OS_LINUX_FALSE='#'
OS_LINUX_TRUE=''
OS_UNIX_FALSE='#'
OS_UNIX_TRUE=''
OS_WIN32_FALSE=''
OS_WIN32_TRUE='#'
OTOOL64=''
OTOOL=''
PACKAGE='gdk-pixbuf'
PACKAGE_BUGREPORT='http://bugzilla.gnome.org/enter_bug.cgi?product=gdk-pixbuf'
PACKAGE_NAME='gdk-pixbuf'
PACKAGE_STRING='gdk-pixbuf 2.28.2'
PACKAGE_TARNAME='gdk-pixbuf'
PACKAGE_URL=''
PACKAGE_VERSION='2.28.2'
PATH_SEPARATOR=':'
PERL='/usr/bin/perl'
PKG_CONFIG='/usr/bin/pkg-config'
PKG_CONFIG_LIBDIR=''
PKG_CONFIG_PATH='/usr/lib64/pkgconfig:/usr/lib/pkgconfig'
PLATFORM_WIN32_FALSE=''
PLATFORM_WIN32_TRUE='#'
PNG_DEP_CFLAGS_PACKAGES=''
POSUB='po'
RANLIB='ranlib'
REBUILD=''
SED='/usr/bin/sed'
SET_MAKE=''
SHELL='/bin/bash'
STRIP='strip'
USE_MEDIALIB25_FALSE=''
USE_MEDIALIB25_TRUE=''
USE_MEDIALIB_FALSE=''
USE_MEDIALIB_TRUE=''
USE_MMX_FALSE=''
USE_MMX_TRUE=''
USE_NLS='yes'
USE_X11_FALSE=''
USE_X11_TRUE=''
VERSION='2.28.2'
WINDRES=''
XGETTEXT=':'
XGETTEXT_015=':'
XGETTEXT_EXTRA_OPTIONS=''
XSLTPROC=''
ac_ct_AR='ar'
ac_ct_CC='gcc'
ac_ct_DUMPBIN=''
ac_ct_NM=''
am__EXEEXT_FALSE=''
am__EXEEXT_TRUE=''
am__fastdepCCAS_FALSE='#'
am__fastdepCCAS_TRUE=''
am__fastdepCC_FALSE='#'
am__fastdepCC_TRUE=''
am__include='include'
am__isrc=''
am__leading_dot='.'
am__nodep='_no'
am__quote=''
am__tar='tar --format=ustar -chf - "$$tardir"'
am__untar='tar -xf -'
bindir='${exec_prefix}/bin'
build='x86_64-unknown-linux-gnu'
build_alias=''
build_cpu='x86_64'
build_os='linux-gnu'
build_vendor='unknown'
datadir='${datarootdir}'
datarootdir='${prefix}/share'
docdir='${datarootdir}/doc/${PACKAGE_TARNAME}'
dvidir='${docdir}'
exec_prefix='NONE'
host='x86_64-unknown-linux-gnu'
host_alias=''
host_cpu='x86_64'
host_os='linux-gnu'
host_vendor='unknown'
htmldir='${docdir}'
includedir='${prefix}/include'
infodir='${datarootdir}/info'
install_sh='${SHELL} /home/mianta/Projet-S4/projet-s4/src/cairo-1.12.14/gdk-pixbuf-2.28.2/install-sh'
libdir='${exec_prefix}/lib'
libexecdir='${exec_prefix}/libexec'
localedir='${datarootdir}/locale'
localstatedir='${prefix}/var'
mandir='${datarootdir}/man'
mkdir_p='/usr/bin/mkdir -p'
ms_librarian=''
oldincludedir='/usr/include'
pdfdir='${docdir}'
prefix='/usr'
program_transform_name='s,x,x,'
psdir='${docdir}'
sbindir='${exec_prefix}/sbin'
sharedstatedir='${prefix}/com'
sysconfdir='${prefix}/etc'
target_alias=''

## ----------- ##
## confdefs.h. ##
## ----------- ##

/* confdefs.h */
#define PACKAGE_NAME "gdk-pixbuf"
#define PACKAGE_TARNAME "gdk-pixbuf"
#define PACKAGE_VERSION "2.28.2"
#define PACKAGE_STRING "gdk-pixbuf 2.28.2"
#define PACKAGE_BUGREPORT "http://bugzilla.gnome.org/enter_bug.cgi?product=gdk-pixbuf"
#define PACKAGE_URL ""
#define STDC_HEADERS 1
#define HAVE_SYS_TYPES_H 1
#define HAVE_SYS_STAT_H 1
#define HAVE_STDLIB_H 1
#define HAVE_STRING_H 1
#define HAVE_MEMORY_H 1
#define HAVE_STRINGS_H 1
#define HAVE_INTTYPES_H 1
#define HAVE_STDINT_H 1
#define HAVE_UNISTD_H 1
#define HAVE_DLFCN_H 1
#define LT_OBJDIR ".libs/"
#define HAVE_SIGSETJMP 1
#define ENABLE_NLS 1
#define HAVE_GETTEXT 1
#define HAVE_DCGETTEXT 1
#define GETTEXT_PACKAGE "gdk-pixbuf"
#define HAVE_BIND_TEXTDOMAIN_CODESET 1
#define HAVE_UNISTD_H 1
#define HAVE_UNISTD_H 1
#define STDC_HEADERS 1
#define USE_GMODULE 1

configure: exit 1
